::1 - - [25/Aug/2020:04:07:15 +0000] "GET /api/products/ HTTP/1.1" 200 1742 "-" "PostmanRuntime/7.26.3"
::1 - - [25/Aug/2020:04:07:15 +0000] "GET /api/products/ HTTP/1.1" 200 1742 "-" "PostmanRuntime/7.26.3"
::1 - - [25/Aug/2020:04:07:26 +0000] "POST /api/products/ HTTP/1.1" 200 122 "-" "PostmanRuntime/7.26.3"
::1 - - [25/Aug/2020:04:07:26 +0000] "POST /api/products/ HTTP/1.1" 200 122 "-" "PostmanRuntime/7.26.3"
::1 - - [25/Aug/2020:04:07:26 +0000] "POST /api/products/ HTTP/1.1" 200 122 "-" "PostmanRuntime/7.26.3"
::1 - - [25/Aug/2020:04:07:47 +0000] "PUT /api/products/5f448e7ee6bd413024bfe82a HTTP/1.1" 200 139 "-" "PostmanRuntime/7.26.3"
::1 - - [25/Aug/2020:04:07:47 +0000] "PUT /api/products/5f448e7ee6bd413024bfe82a HTTP/1.1" 200 139 "-" "PostmanRuntime/7.26.3"
::1 - - [25/Aug/2020:04:07:47 +0000] "PUT /api/products/5f448e7ee6bd413024bfe82a HTTP/1.1" 200 139 "-" "PostmanRuntime/7.26.3"
::1 - - [25/Aug/2020:04:07:47 +0000] "PUT /api/products/5f448e7ee6bd413024bfe82a HTTP/1.1" 200 139 "-" "PostmanRuntime/7.26.3"
::1 - - [25/Aug/2020:04:07:57 +0000] "DELETE /api/products/5f448e7ee6bd413024bfe82a HTTP/1.1" 200 139 "-" "PostmanRuntime/7.26.3"
::1 - - [25/Aug/2020:04:07:57 +0000] "DELETE /api/products/5f448e7ee6bd413024bfe82a HTTP/1.1" 200 139 "-" "PostmanRuntime/7.26.3"
::1 - - [25/Aug/2020:04:07:57 +0000] "DELETE /api/products/5f448e7ee6bd413024bfe82a HTTP/1.1" 200 139 "-" "PostmanRuntime/7.26.3"
::1 - - [25/Aug/2020:04:07:57 +0000] "DELETE /api/products/5f448e7ee6bd413024bfe82a HTTP/1.1" 200 139 "-" "PostmanRuntime/7.26.3"
::1 - - [25/Aug/2020:04:07:57 +0000] "DELETE /api/products/5f448e7ee6bd413024bfe82a HTTP/1.1" 200 139 "-" "PostmanRuntime/7.26.3"
::1 - - [25/Aug/2020:14:38:15 +0000] "GET /api/products HTTP/1.1" 200 1742 "http://localhost:5000/" "Mozilla/5.0 (Windows NT 10.0; Win64; x64) AppleWebKit/537.36 (KHTML, like Gecko) Chrome/84.0.4147.135 Safari/537.36"
::1 - - [25/Aug/2020:14:39:33 +0000] "GET /api/products HTTP/1.1" 304 - "http://localhost:5000/" "Mozilla/5.0 (Windows NT 10.0; Win64; x64) AppleWebKit/537.36 (KHTML, like Gecko) Chrome/84.0.4147.135 Safari/537.36"
::1 - - [25/Aug/2020:14:39:33 +0000] "GET /api/products HTTP/1.1" 304 - "http://localhost:5000/" "Mozilla/5.0 (Windows NT 10.0; Win64; x64) AppleWebKit/537.36 (KHTML, like Gecko) Chrome/84.0.4147.135 Safari/537.36"
::1 - - [25/Aug/2020:14:49:44 +0000] "GET /api/products HTTP/1.1" 304 - "http://localhost:5000/" "Mozilla/5.0 (Windows NT 10.0; Win64; x64) AppleWebKit/537.36 (KHTML, like Gecko) Chrome/84.0.4147.135 Safari/537.36"
::1 - - [25/Aug/2020:14:49:44 +0000] "GET /api/products HTTP/1.1" 304 - "http://localhost:5000/" "Mozilla/5.0 (Windows NT 10.0; Win64; x64) AppleWebKit/537.36 (KHTML, like Gecko) Chrome/84.0.4147.135 Safari/537.36"
::1 - - [25/Aug/2020:14:49:44 +0000] "GET /api/products HTTP/1.1" 304 - "http://localhost:5000/" "Mozilla/5.0 (Windows NT 10.0; Win64; x64) AppleWebKit/537.36 (KHTML, like Gecko) Chrome/84.0.4147.135 Safari/537.36"
::1 - - [25/Aug/2020:16:16:08 +0000] "OPTIONS /api/admin/auth HTTP/1.1" 204 0 "http://localhost:5000/admin" "Mozilla/5.0 (Windows NT 10.0; Win64; x64) AppleWebKit/537.36 (KHTML, like Gecko) Chrome/84.0.4147.135 Safari/537.36"
::1 - - [25/Aug/2020:16:16:08 +0000] "OPTIONS /api/admin/auth HTTP/1.1" 204 0 "http://localhost:5000/admin" "Mozilla/5.0 (Windows NT 10.0; Win64; x64) AppleWebKit/537.36 (KHTML, like Gecko) Chrome/84.0.4147.135 Safari/537.36"
::1 - - [25/Aug/2020:16:16:08 +0000] "OPTIONS /api/admin/auth HTTP/1.1" 204 0 "http://localhost:5000/admin" "Mozilla/5.0 (Windows NT 10.0; Win64; x64) AppleWebKit/537.36 (KHTML, like Gecko) Chrome/84.0.4147.135 Safari/537.36"
::1 - - [25/Aug/2020:16:16:11 +0000] "POST /api/admin/auth HTTP/1.1" 400 33 "http://localhost:5000/admin" "Mozilla/5.0 (Windows NT 10.0; Win64; x64) AppleWebKit/537.36 (KHTML, like Gecko) Chrome/84.0.4147.135 Safari/537.36"
::1 - - [25/Aug/2020:16:16:11 +0000] "POST /api/admin/auth HTTP/1.1" 400 33 "http://localhost:5000/admin" "Mozilla/5.0 (Windows NT 10.0; Win64; x64) AppleWebKit/537.36 (KHTML, like Gecko) Chrome/84.0.4147.135 Safari/537.36"
::1 - - [25/Aug/2020:16:16:11 +0000] "POST /api/admin/auth HTTP/1.1" 400 33 "http://localhost:5000/admin" "Mozilla/5.0 (Windows NT 10.0; Win64; x64) AppleWebKit/537.36 (KHTML, like Gecko) Chrome/84.0.4147.135 Safari/537.36"
::1 - - [25/Aug/2020:16:16:12 +0000] "POST /api/admin/auth HTTP/1.1" 400 33 "http://localhost:5000/admin" "Mozilla/5.0 (Windows NT 10.0; Win64; x64) AppleWebKit/537.36 (KHTML, like Gecko) Chrome/84.0.4147.135 Safari/537.36"
::1 - - [25/Aug/2020:16:16:12 +0000] "POST /api/admin/auth HTTP/1.1" 400 33 "http://localhost:5000/admin" "Mozilla/5.0 (Windows NT 10.0; Win64; x64) AppleWebKit/537.36 (KHTML, like Gecko) Chrome/84.0.4147.135 Safari/537.36"
::1 - - [25/Aug/2020:16:16:12 +0000] "POST /api/admin/auth HTTP/1.1" 400 33 "http://localhost:5000/admin" "Mozilla/5.0 (Windows NT 10.0; Win64; x64) AppleWebKit/537.36 (KHTML, like Gecko) Chrome/84.0.4147.135 Safari/537.36"
::1 - - [25/Aug/2020:16:16:12 +0000] "POST /api/admin/auth HTTP/1.1" 400 33 "http://localhost:5000/admin" "Mozilla/5.0 (Windows NT 10.0; Win64; x64) AppleWebKit/537.36 (KHTML, like Gecko) Chrome/84.0.4147.135 Safari/537.36"
::1 - - [25/Aug/2020:16:16:12 +0000] "POST /api/admin/auth HTTP/1.1" 400 33 "http://localhost:5000/admin" "Mozilla/5.0 (Windows NT 10.0; Win64; x64) AppleWebKit/537.36 (KHTML, like Gecko) Chrome/84.0.4147.135 Safari/537.36"
::1 - - [25/Aug/2020:16:16:12 +0000] "POST /api/admin/auth HTTP/1.1" 400 33 "http://localhost:5000/admin" "Mozilla/5.0 (Windows NT 10.0; Win64; x64) AppleWebKit/537.36 (KHTML, like Gecko) Chrome/84.0.4147.135 Safari/537.36"
::1 - - [25/Aug/2020:16:21:35 +0000] "GET /api/products HTTP/1.1" 304 - "http://localhost:5000/" "Mozilla/5.0 (Windows NT 10.0; Win64; x64) AppleWebKit/537.36 (KHTML, like Gecko) Chrome/84.0.4147.135 Safari/537.36"
::1 - - [25/Aug/2020:16:21:35 +0000] "GET /api/products HTTP/1.1" 304 - "http://localhost:5000/" "Mozilla/5.0 (Windows NT 10.0; Win64; x64) AppleWebKit/537.36 (KHTML, like Gecko) Chrome/84.0.4147.135 Safari/537.36"
::1 - - [25/Aug/2020:16:21:35 +0000] "GET /api/products HTTP/1.1" 304 - "http://localhost:5000/" "Mozilla/5.0 (Windows NT 10.0; Win64; x64) AppleWebKit/537.36 (KHTML, like Gecko) Chrome/84.0.4147.135 Safari/537.36"
::1 - - [25/Aug/2020:16:21:35 +0000] "GET /api/products HTTP/1.1" 304 - "http://localhost:5000/" "Mozilla/5.0 (Windows NT 10.0; Win64; x64) AppleWebKit/537.36 (KHTML, like Gecko) Chrome/84.0.4147.135 Safari/537.36"
::1 - - [25/Aug/2020:16:29:34 +0000] "GET /api/products HTTP/1.1" 304 - "http://localhost:5000/" "Mozilla/5.0 (Windows NT 10.0; Win64; x64) AppleWebKit/537.36 (KHTML, like Gecko) Chrome/84.0.4147.135 Safari/537.36"
::1 - - [25/Aug/2020:16:29:34 +0000] "GET /api/products HTTP/1.1" 304 - "http://localhost:5000/" "Mozilla/5.0 (Windows NT 10.0; Win64; x64) AppleWebKit/537.36 (KHTML, like Gecko) Chrome/84.0.4147.135 Safari/537.36"
::1 - - [25/Aug/2020:16:29:34 +0000] "GET /api/products HTTP/1.1" 304 - "http://localhost:5000/" "Mozilla/5.0 (Windows NT 10.0; Win64; x64) AppleWebKit/537.36 (KHTML, like Gecko) Chrome/84.0.4147.135 Safari/537.36"
::1 - - [25/Aug/2020:16:29:34 +0000] "GET /api/products HTTP/1.1" 304 - "http://localhost:5000/" "Mozilla/5.0 (Windows NT 10.0; Win64; x64) AppleWebKit/537.36 (KHTML, like Gecko) Chrome/84.0.4147.135 Safari/537.36"
::1 - - [25/Aug/2020:16:29:34 +0000] "GET /api/products HTTP/1.1" 304 - "http://localhost:5000/" "Mozilla/5.0 (Windows NT 10.0; Win64; x64) AppleWebKit/537.36 (KHTML, like Gecko) Chrome/84.0.4147.135 Safari/537.36"
::1 - - [25/Aug/2020:18:19:03 +0000] "GET /api/products HTTP/1.1" 304 - "http://localhost:5000/" "Mozilla/5.0 (Windows NT 10.0; Win64; x64) AppleWebKit/537.36 (KHTML, like Gecko) Chrome/84.0.4147.135 Safari/537.36"
::1 - - [25/Aug/2020:18:19:03 +0000] "GET /api/products HTTP/1.1" 304 - "http://localhost:5000/" "Mozilla/5.0 (Windows NT 10.0; Win64; x64) AppleWebKit/537.36 (KHTML, like Gecko) Chrome/84.0.4147.135 Safari/537.36"
::1 - - [25/Aug/2020:18:19:03 +0000] "GET /api/products HTTP/1.1" 304 - "http://localhost:5000/" "Mozilla/5.0 (Windows NT 10.0; Win64; x64) AppleWebKit/537.36 (KHTML, like Gecko) Chrome/84.0.4147.135 Safari/537.36"
::1 - - [25/Aug/2020:18:19:03 +0000] "GET /api/products HTTP/1.1" 304 - "http://localhost:5000/" "Mozilla/5.0 (Windows NT 10.0; Win64; x64) AppleWebKit/537.36 (KHTML, like Gecko) Chrome/84.0.4147.135 Safari/537.36"
::1 - - [25/Aug/2020:18:19:03 +0000] "GET /api/products HTTP/1.1" 304 - "http://localhost:5000/" "Mozilla/5.0 (Windows NT 10.0; Win64; x64) AppleWebKit/537.36 (KHTML, like Gecko) Chrome/84.0.4147.135 Safari/537.36"
::1 - - [25/Aug/2020:18:19:03 +0000] "GET /api/products HTTP/1.1" 304 - "http://localhost:5000/" "Mozilla/5.0 (Windows NT 10.0; Win64; x64) AppleWebKit/537.36 (KHTML, like Gecko) Chrome/84.0.4147.135 Safari/537.36"
::1 - - [25/Aug/2020:18:21:16 +0000] "GET /api/products HTTP/1.1" 304 - "http://localhost:5000/" "Mozilla/5.0 (Windows NT 10.0; Win64; x64) AppleWebKit/537.36 (KHTML, like Gecko) Chrome/84.0.4147.135 Safari/537.36"
::1 - - [25/Aug/2020:18:21:16 +0000] "GET /api/products HTTP/1.1" 304 - "http://localhost:5000/" "Mozilla/5.0 (Windows NT 10.0; Win64; x64) AppleWebKit/537.36 (KHTML, like Gecko) Chrome/84.0.4147.135 Safari/537.36"
::1 - - [25/Aug/2020:18:21:16 +0000] "GET /api/products HTTP/1.1" 304 - "http://localhost:5000/" "Mozilla/5.0 (Windows NT 10.0; Win64; x64) AppleWebKit/537.36 (KHTML, like Gecko) Chrome/84.0.4147.135 Safari/537.36"
::1 - - [25/Aug/2020:18:21:16 +0000] "GET /api/products HTTP/1.1" 304 - "http://localhost:5000/" "Mozilla/5.0 (Windows NT 10.0; Win64; x64) AppleWebKit/537.36 (KHTML, like Gecko) Chrome/84.0.4147.135 Safari/537.36"
::1 - - [25/Aug/2020:18:21:16 +0000] "GET /api/products HTTP/1.1" 304 - "http://localhost:5000/" "Mozilla/5.0 (Windows NT 10.0; Win64; x64) AppleWebKit/537.36 (KHTML, like Gecko) Chrome/84.0.4147.135 Safari/537.36"
::1 - - [25/Aug/2020:18:21:16 +0000] "GET /api/products HTTP/1.1" 304 - "http://localhost:5000/" "Mozilla/5.0 (Windows NT 10.0; Win64; x64) AppleWebKit/537.36 (KHTML, like Gecko) Chrome/84.0.4147.135 Safari/537.36"
::1 - - [25/Aug/2020:18:21:16 +0000] "GET /api/products HTTP/1.1" 304 - "http://localhost:5000/" "Mozilla/5.0 (Windows NT 10.0; Win64; x64) AppleWebKit/537.36 (KHTML, like Gecko) Chrome/84.0.4147.135 Safari/537.36"
::1 - - [25/Aug/2020:18:23:12 +0000] "GET /api/products HTTP/1.1" 304 - "http://localhost:5000/" "Mozilla/5.0 (Windows NT 10.0; Win64; x64) AppleWebKit/537.36 (KHTML, like Gecko) Chrome/84.0.4147.135 Safari/537.36"
::1 - - [25/Aug/2020:18:23:12 +0000] "GET /api/products HTTP/1.1" 304 - "http://localhost:5000/" "Mozilla/5.0 (Windows NT 10.0; Win64; x64) AppleWebKit/537.36 (KHTML, like Gecko) Chrome/84.0.4147.135 Safari/537.36"
::1 - - [25/Aug/2020:18:23:12 +0000] "GET /api/products HTTP/1.1" 304 - "http://localhost:5000/" "Mozilla/5.0 (Windows NT 10.0; Win64; x64) AppleWebKit/537.36 (KHTML, like Gecko) Chrome/84.0.4147.135 Safari/537.36"
::1 - - [25/Aug/2020:18:23:12 +0000] "GET /api/products HTTP/1.1" 304 - "http://localhost:5000/" "Mozilla/5.0 (Windows NT 10.0; Win64; x64) AppleWebKit/537.36 (KHTML, like Gecko) Chrome/84.0.4147.135 Safari/537.36"
::1 - - [25/Aug/2020:18:23:12 +0000] "GET /api/products HTTP/1.1" 304 - "http://localhost:5000/" "Mozilla/5.0 (Windows NT 10.0; Win64; x64) AppleWebKit/537.36 (KHTML, like Gecko) Chrome/84.0.4147.135 Safari/537.36"
::1 - - [25/Aug/2020:18:23:12 +0000] "GET /api/products HTTP/1.1" 304 - "http://localhost:5000/" "Mozilla/5.0 (Windows NT 10.0; Win64; x64) AppleWebKit/537.36 (KHTML, like Gecko) Chrome/84.0.4147.135 Safari/537.36"
::1 - - [25/Aug/2020:18:23:12 +0000] "GET /api/products HTTP/1.1" 304 - "http://localhost:5000/" "Mozilla/5.0 (Windows NT 10.0; Win64; x64) AppleWebKit/537.36 (KHTML, like Gecko) Chrome/84.0.4147.135 Safari/537.36"
::1 - - [25/Aug/2020:18:23:12 +0000] "GET /api/products HTTP/1.1" 304 - "http://localhost:5000/" "Mozilla/5.0 (Windows NT 10.0; Win64; x64) AppleWebKit/537.36 (KHTML, like Gecko) Chrome/84.0.4147.135 Safari/537.36"
::1 - - [25/Aug/2020:18:23:25 +0000] "GET /api/products HTTP/1.1" 304 - "http://localhost:5000/" "Mozilla/5.0 (Windows NT 10.0; Win64; x64) AppleWebKit/537.36 (KHTML, like Gecko) Chrome/84.0.4147.135 Safari/537.36"
::1 - - [25/Aug/2020:18:23:25 +0000] "GET /api/products HTTP/1.1" 304 - "http://localhost:5000/" "Mozilla/5.0 (Windows NT 10.0; Win64; x64) AppleWebKit/537.36 (KHTML, like Gecko) Chrome/84.0.4147.135 Safari/537.36"
::1 - - [25/Aug/2020:18:23:25 +0000] "GET /api/products HTTP/1.1" 304 - "http://localhost:5000/" "Mozilla/5.0 (Windows NT 10.0; Win64; x64) AppleWebKit/537.36 (KHTML, like Gecko) Chrome/84.0.4147.135 Safari/537.36"
::1 - - [25/Aug/2020:18:23:25 +0000] "GET /api/products HTTP/1.1" 304 - "http://localhost:5000/" "Mozilla/5.0 (Windows NT 10.0; Win64; x64) AppleWebKit/537.36 (KHTML, like Gecko) Chrome/84.0.4147.135 Safari/537.36"
::1 - - [25/Aug/2020:18:23:25 +0000] "GET /api/products HTTP/1.1" 304 - "http://localhost:5000/" "Mozilla/5.0 (Windows NT 10.0; Win64; x64) AppleWebKit/537.36 (KHTML, like Gecko) Chrome/84.0.4147.135 Safari/537.36"
::1 - - [25/Aug/2020:18:23:25 +0000] "GET /api/products HTTP/1.1" 304 - "http://localhost:5000/" "Mozilla/5.0 (Windows NT 10.0; Win64; x64) AppleWebKit/537.36 (KHTML, like Gecko) Chrome/84.0.4147.135 Safari/537.36"
::1 - - [25/Aug/2020:18:23:25 +0000] "GET /api/products HTTP/1.1" 304 - "http://localhost:5000/" "Mozilla/5.0 (Windows NT 10.0; Win64; x64) AppleWebKit/537.36 (KHTML, like Gecko) Chrome/84.0.4147.135 Safari/537.36"
::1 - - [25/Aug/2020:18:23:25 +0000] "GET /api/products HTTP/1.1" 304 - "http://localhost:5000/" "Mozilla/5.0 (Windows NT 10.0; Win64; x64) AppleWebKit/537.36 (KHTML, like Gecko) Chrome/84.0.4147.135 Safari/537.36"
::1 - - [25/Aug/2020:18:23:25 +0000] "GET /api/products HTTP/1.1" 304 - "http://localhost:5000/" "Mozilla/5.0 (Windows NT 10.0; Win64; x64) AppleWebKit/537.36 (KHTML, like Gecko) Chrome/84.0.4147.135 Safari/537.36"
::1 - - [25/Aug/2020:18:23:31 +0000] "GET /api/products HTTP/1.1" 304 - "http://localhost:5000/" "Mozilla/5.0 (Windows NT 10.0; Win64; x64) AppleWebKit/537.36 (KHTML, like Gecko) Chrome/84.0.4147.135 Safari/537.36"
::1 - - [25/Aug/2020:18:23:31 +0000] "GET /api/products HTTP/1.1" 304 - "http://localhost:5000/" "Mozilla/5.0 (Windows NT 10.0; Win64; x64) AppleWebKit/537.36 (KHTML, like Gecko) Chrome/84.0.4147.135 Safari/537.36"
::1 - - [25/Aug/2020:18:23:31 +0000] "GET /api/products HTTP/1.1" 304 - "http://localhost:5000/" "Mozilla/5.0 (Windows NT 10.0; Win64; x64) AppleWebKit/537.36 (KHTML, like Gecko) Chrome/84.0.4147.135 Safari/537.36"
::1 - - [25/Aug/2020:18:23:31 +0000] "GET /api/products HTTP/1.1" 304 - "http://localhost:5000/" "Mozilla/5.0 (Windows NT 10.0; Win64; x64) AppleWebKit/537.36 (KHTML, like Gecko) Chrome/84.0.4147.135 Safari/537.36"
::1 - - [25/Aug/2020:18:23:31 +0000] "GET /api/products HTTP/1.1" 304 - "http://localhost:5000/" "Mozilla/5.0 (Windows NT 10.0; Win64; x64) AppleWebKit/537.36 (KHTML, like Gecko) Chrome/84.0.4147.135 Safari/537.36"
::1 - - [25/Aug/2020:18:23:31 +0000] "GET /api/products HTTP/1.1" 304 - "http://localhost:5000/" "Mozilla/5.0 (Windows NT 10.0; Win64; x64) AppleWebKit/537.36 (KHTML, like Gecko) Chrome/84.0.4147.135 Safari/537.36"
::1 - - [25/Aug/2020:18:23:31 +0000] "GET /api/products HTTP/1.1" 304 - "http://localhost:5000/" "Mozilla/5.0 (Windows NT 10.0; Win64; x64) AppleWebKit/537.36 (KHTML, like Gecko) Chrome/84.0.4147.135 Safari/537.36"
::1 - - [25/Aug/2020:18:23:31 +0000] "GET /api/products HTTP/1.1" 304 - "http://localhost:5000/" "Mozilla/5.0 (Windows NT 10.0; Win64; x64) AppleWebKit/537.36 (KHTML, like Gecko) Chrome/84.0.4147.135 Safari/537.36"
::1 - - [25/Aug/2020:18:23:31 +0000] "GET /api/products HTTP/1.1" 304 - "http://localhost:5000/" "Mozilla/5.0 (Windows NT 10.0; Win64; x64) AppleWebKit/537.36 (KHTML, like Gecko) Chrome/84.0.4147.135 Safari/537.36"
::1 - - [25/Aug/2020:18:23:31 +0000] "GET /api/products HTTP/1.1" 304 - "http://localhost:5000/" "Mozilla/5.0 (Windows NT 10.0; Win64; x64) AppleWebKit/537.36 (KHTML, like Gecko) Chrome/84.0.4147.135 Safari/537.36"
::1 - - [25/Aug/2020:18:23:33 +0000] "GET /api/products HTTP/1.1" 304 - "http://localhost:5000/" "Mozilla/5.0 (Windows NT 10.0; Win64; x64) AppleWebKit/537.36 (KHTML, like Gecko) Chrome/84.0.4147.135 Safari/537.36"
::1 - - [25/Aug/2020:18:23:33 +0000] "GET /api/products HTTP/1.1" 304 - "http://localhost:5000/" "Mozilla/5.0 (Windows NT 10.0; Win64; x64) AppleWebKit/537.36 (KHTML, like Gecko) Chrome/84.0.4147.135 Safari/537.36"
::1 - - [25/Aug/2020:18:23:33 +0000] "GET /api/products HTTP/1.1" 304 - "http://localhost:5000/" "Mozilla/5.0 (Windows NT 10.0; Win64; x64) AppleWebKit/537.36 (KHTML, like Gecko) Chrome/84.0.4147.135 Safari/537.36"
::1 - - [25/Aug/2020:18:23:33 +0000] "GET /api/products HTTP/1.1" 304 - "http://localhost:5000/" "Mozilla/5.0 (Windows NT 10.0; Win64; x64) AppleWebKit/537.36 (KHTML, like Gecko) Chrome/84.0.4147.135 Safari/537.36"
::1 - - [25/Aug/2020:18:23:33 +0000] "GET /api/products HTTP/1.1" 304 - "http://localhost:5000/" "Mozilla/5.0 (Windows NT 10.0; Win64; x64) AppleWebKit/537.36 (KHTML, like Gecko) Chrome/84.0.4147.135 Safari/537.36"
::1 - - [25/Aug/2020:18:23:33 +0000] "GET /api/products HTTP/1.1" 304 - "http://localhost:5000/" "Mozilla/5.0 (Windows NT 10.0; Win64; x64) AppleWebKit/537.36 (KHTML, like Gecko) Chrome/84.0.4147.135 Safari/537.36"
::1 - - [25/Aug/2020:18:23:33 +0000] "GET /api/products HTTP/1.1" 304 - "http://localhost:5000/" "Mozilla/5.0 (Windows NT 10.0; Win64; x64) AppleWebKit/537.36 (KHTML, like Gecko) Chrome/84.0.4147.135 Safari/537.36"
::1 - - [25/Aug/2020:18:23:33 +0000] "GET /api/products HTTP/1.1" 304 - "http://localhost:5000/" "Mozilla/5.0 (Windows NT 10.0; Win64; x64) AppleWebKit/537.36 (KHTML, like Gecko) Chrome/84.0.4147.135 Safari/537.36"
::1 - - [25/Aug/2020:18:23:33 +0000] "GET /api/products HTTP/1.1" 304 - "http://localhost:5000/" "Mozilla/5.0 (Windows NT 10.0; Win64; x64) AppleWebKit/537.36 (KHTML, like Gecko) Chrome/84.0.4147.135 Safari/537.36"
::1 - - [25/Aug/2020:18:23:33 +0000] "GET /api/products HTTP/1.1" 304 - "http://localhost:5000/" "Mozilla/5.0 (Windows NT 10.0; Win64; x64) AppleWebKit/537.36 (KHTML, like Gecko) Chrome/84.0.4147.135 Safari/537.36"
::1 - - [25/Aug/2020:18:23:33 +0000] "GET /api/products HTTP/1.1" 304 - "http://localhost:5000/" "Mozilla/5.0 (Windows NT 10.0; Win64; x64) AppleWebKit/537.36 (KHTML, like Gecko) Chrome/84.0.4147.135 Safari/537.36"
::1 - - [25/Aug/2020:18:23:39 +0000] "GET /api/products HTTP/1.1" 304 - "http://localhost:5000/" "Mozilla/5.0 (Windows NT 10.0; Win64; x64) AppleWebKit/537.36 (KHTML, like Gecko) Chrome/84.0.4147.135 Safari/537.36"
::1 - - [25/Aug/2020:18:23:39 +0000] "GET /api/products HTTP/1.1" 304 - "http://localhost:5000/" "Mozilla/5.0 (Windows NT 10.0; Win64; x64) AppleWebKit/537.36 (KHTML, like Gecko) Chrome/84.0.4147.135 Safari/537.36"
::1 - - [25/Aug/2020:18:23:39 +0000] "GET /api/products HTTP/1.1" 304 - "http://localhost:5000/" "Mozilla/5.0 (Windows NT 10.0; Win64; x64) AppleWebKit/537.36 (KHTML, like Gecko) Chrome/84.0.4147.135 Safari/537.36"
::1 - - [25/Aug/2020:18:23:39 +0000] "GET /api/products HTTP/1.1" 304 - "http://localhost:5000/" "Mozilla/5.0 (Windows NT 10.0; Win64; x64) AppleWebKit/537.36 (KHTML, like Gecko) Chrome/84.0.4147.135 Safari/537.36"
::1 - - [25/Aug/2020:18:23:39 +0000] "GET /api/products HTTP/1.1" 304 - "http://localhost:5000/" "Mozilla/5.0 (Windows NT 10.0; Win64; x64) AppleWebKit/537.36 (KHTML, like Gecko) Chrome/84.0.4147.135 Safari/537.36"
::1 - - [25/Aug/2020:18:23:39 +0000] "GET /api/products HTTP/1.1" 304 - "http://localhost:5000/" "Mozilla/5.0 (Windows NT 10.0; Win64; x64) AppleWebKit/537.36 (KHTML, like Gecko) Chrome/84.0.4147.135 Safari/537.36"
::1 - - [25/Aug/2020:18:23:39 +0000] "GET /api/products HTTP/1.1" 304 - "http://localhost:5000/" "Mozilla/5.0 (Windows NT 10.0; Win64; x64) AppleWebKit/537.36 (KHTML, like Gecko) Chrome/84.0.4147.135 Safari/537.36"
::1 - - [25/Aug/2020:18:23:39 +0000] "GET /api/products HTTP/1.1" 304 - "http://localhost:5000/" "Mozilla/5.0 (Windows NT 10.0; Win64; x64) AppleWebKit/537.36 (KHTML, like Gecko) Chrome/84.0.4147.135 Safari/537.36"
::1 - - [25/Aug/2020:18:23:39 +0000] "GET /api/products HTTP/1.1" 304 - "http://localhost:5000/" "Mozilla/5.0 (Windows NT 10.0; Win64; x64) AppleWebKit/537.36 (KHTML, like Gecko) Chrome/84.0.4147.135 Safari/537.36"
::1 - - [25/Aug/2020:18:23:39 +0000] "GET /api/products HTTP/1.1" 304 - "http://localhost:5000/" "Mozilla/5.0 (Windows NT 10.0; Win64; x64) AppleWebKit/537.36 (KHTML, like Gecko) Chrome/84.0.4147.135 Safari/537.36"
::1 - - [25/Aug/2020:18:23:39 +0000] "GET /api/products HTTP/1.1" 304 - "http://localhost:5000/" "Mozilla/5.0 (Windows NT 10.0; Win64; x64) AppleWebKit/537.36 (KHTML, like Gecko) Chrome/84.0.4147.135 Safari/537.36"
::1 - - [25/Aug/2020:18:23:39 +0000] "GET /api/products HTTP/1.1" 304 - "http://localhost:5000/" "Mozilla/5.0 (Windows NT 10.0; Win64; x64) AppleWebKit/537.36 (KHTML, like Gecko) Chrome/84.0.4147.135 Safari/537.36"
::1 - - [25/Aug/2020:18:23:42 +0000] "GET /api/products HTTP/1.1" 304 - "http://localhost:5000/" "Mozilla/5.0 (Windows NT 10.0; Win64; x64) AppleWebKit/537.36 (KHTML, like Gecko) Chrome/84.0.4147.135 Safari/537.36"
::1 - - [25/Aug/2020:18:23:42 +0000] "GET /api/products HTTP/1.1" 304 - "http://localhost:5000/" "Mozilla/5.0 (Windows NT 10.0; Win64; x64) AppleWebKit/537.36 (KHTML, like Gecko) Chrome/84.0.4147.135 Safari/537.36"
::1 - - [25/Aug/2020:18:23:42 +0000] "GET /api/products HTTP/1.1" 304 - "http://localhost:5000/" "Mozilla/5.0 (Windows NT 10.0; Win64; x64) AppleWebKit/537.36 (KHTML, like Gecko) Chrome/84.0.4147.135 Safari/537.36"
::1 - - [25/Aug/2020:18:23:42 +0000] "GET /api/products HTTP/1.1" 304 - "http://localhost:5000/" "Mozilla/5.0 (Windows NT 10.0; Win64; x64) AppleWebKit/537.36 (KHTML, like Gecko) Chrome/84.0.4147.135 Safari/537.36"
::1 - - [25/Aug/2020:18:23:42 +0000] "GET /api/products HTTP/1.1" 304 - "http://localhost:5000/" "Mozilla/5.0 (Windows NT 10.0; Win64; x64) AppleWebKit/537.36 (KHTML, like Gecko) Chrome/84.0.4147.135 Safari/537.36"
::1 - - [25/Aug/2020:18:23:42 +0000] "GET /api/products HTTP/1.1" 304 - "http://localhost:5000/" "Mozilla/5.0 (Windows NT 10.0; Win64; x64) AppleWebKit/537.36 (KHTML, like Gecko) Chrome/84.0.4147.135 Safari/537.36"
::1 - - [25/Aug/2020:18:23:42 +0000] "GET /api/products HTTP/1.1" 304 - "http://localhost:5000/" "Mozilla/5.0 (Windows NT 10.0; Win64; x64) AppleWebKit/537.36 (KHTML, like Gecko) Chrome/84.0.4147.135 Safari/537.36"
::1 - - [25/Aug/2020:18:23:42 +0000] "GET /api/products HTTP/1.1" 304 - "http://localhost:5000/" "Mozilla/5.0 (Windows NT 10.0; Win64; x64) AppleWebKit/537.36 (KHTML, like Gecko) Chrome/84.0.4147.135 Safari/537.36"
::1 - - [25/Aug/2020:18:23:42 +0000] "GET /api/products HTTP/1.1" 304 - "http://localhost:5000/" "Mozilla/5.0 (Windows NT 10.0; Win64; x64) AppleWebKit/537.36 (KHTML, like Gecko) Chrome/84.0.4147.135 Safari/537.36"
::1 - - [25/Aug/2020:18:23:42 +0000] "GET /api/products HTTP/1.1" 304 - "http://localhost:5000/" "Mozilla/5.0 (Windows NT 10.0; Win64; x64) AppleWebKit/537.36 (KHTML, like Gecko) Chrome/84.0.4147.135 Safari/537.36"
::1 - - [25/Aug/2020:18:23:42 +0000] "GET /api/products HTTP/1.1" 304 - "http://localhost:5000/" "Mozilla/5.0 (Windows NT 10.0; Win64; x64) AppleWebKit/537.36 (KHTML, like Gecko) Chrome/84.0.4147.135 Safari/537.36"
::1 - - [25/Aug/2020:18:23:42 +0000] "GET /api/products HTTP/1.1" 304 - "http://localhost:5000/" "Mozilla/5.0 (Windows NT 10.0; Win64; x64) AppleWebKit/537.36 (KHTML, like Gecko) Chrome/84.0.4147.135 Safari/537.36"
::1 - - [25/Aug/2020:18:23:42 +0000] "GET /api/products HTTP/1.1" 304 - "http://localhost:5000/" "Mozilla/5.0 (Windows NT 10.0; Win64; x64) AppleWebKit/537.36 (KHTML, like Gecko) Chrome/84.0.4147.135 Safari/537.36"
::1 - - [25/Aug/2020:18:23:46 +0000] "GET /api/products HTTP/1.1" 304 - "http://localhost:5000/" "Mozilla/5.0 (Windows NT 10.0; Win64; x64) AppleWebKit/537.36 (KHTML, like Gecko) Chrome/84.0.4147.135 Safari/537.36"
::1 - - [25/Aug/2020:18:23:46 +0000] "GET /api/products HTTP/1.1" 304 - "http://localhost:5000/" "Mozilla/5.0 (Windows NT 10.0; Win64; x64) AppleWebKit/537.36 (KHTML, like Gecko) Chrome/84.0.4147.135 Safari/537.36"
::1 - - [25/Aug/2020:18:23:46 +0000] "GET /api/products HTTP/1.1" 304 - "http://localhost:5000/" "Mozilla/5.0 (Windows NT 10.0; Win64; x64) AppleWebKit/537.36 (KHTML, like Gecko) Chrome/84.0.4147.135 Safari/537.36"
::1 - - [25/Aug/2020:18:23:46 +0000] "GET /api/products HTTP/1.1" 304 - "http://localhost:5000/" "Mozilla/5.0 (Windows NT 10.0; Win64; x64) AppleWebKit/537.36 (KHTML, like Gecko) Chrome/84.0.4147.135 Safari/537.36"
::1 - - [25/Aug/2020:18:23:46 +0000] "GET /api/products HTTP/1.1" 304 - "http://localhost:5000/" "Mozilla/5.0 (Windows NT 10.0; Win64; x64) AppleWebKit/537.36 (KHTML, like Gecko) Chrome/84.0.4147.135 Safari/537.36"
::1 - - [25/Aug/2020:18:23:46 +0000] "GET /api/products HTTP/1.1" 304 - "http://localhost:5000/" "Mozilla/5.0 (Windows NT 10.0; Win64; x64) AppleWebKit/537.36 (KHTML, like Gecko) Chrome/84.0.4147.135 Safari/537.36"
::1 - - [25/Aug/2020:18:23:46 +0000] "GET /api/products HTTP/1.1" 304 - "http://localhost:5000/" "Mozilla/5.0 (Windows NT 10.0; Win64; x64) AppleWebKit/537.36 (KHTML, like Gecko) Chrome/84.0.4147.135 Safari/537.36"
::1 - - [25/Aug/2020:18:23:46 +0000] "GET /api/products HTTP/1.1" 304 - "http://localhost:5000/" "Mozilla/5.0 (Windows NT 10.0; Win64; x64) AppleWebKit/537.36 (KHTML, like Gecko) Chrome/84.0.4147.135 Safari/537.36"
::1 - - [25/Aug/2020:18:23:46 +0000] "GET /api/products HTTP/1.1" 304 - "http://localhost:5000/" "Mozilla/5.0 (Windows NT 10.0; Win64; x64) AppleWebKit/537.36 (KHTML, like Gecko) Chrome/84.0.4147.135 Safari/537.36"
::1 - - [25/Aug/2020:18:23:46 +0000] "GET /api/products HTTP/1.1" 304 - "http://localhost:5000/" "Mozilla/5.0 (Windows NT 10.0; Win64; x64) AppleWebKit/537.36 (KHTML, like Gecko) Chrome/84.0.4147.135 Safari/537.36"
::1 - - [25/Aug/2020:18:23:46 +0000] "GET /api/products HTTP/1.1" 304 - "http://localhost:5000/" "Mozilla/5.0 (Windows NT 10.0; Win64; x64) AppleWebKit/537.36 (KHTML, like Gecko) Chrome/84.0.4147.135 Safari/537.36"
::1 - - [25/Aug/2020:18:23:46 +0000] "GET /api/products HTTP/1.1" 304 - "http://localhost:5000/" "Mozilla/5.0 (Windows NT 10.0; Win64; x64) AppleWebKit/537.36 (KHTML, like Gecko) Chrome/84.0.4147.135 Safari/537.36"
::1 - - [25/Aug/2020:18:23:46 +0000] "GET /api/products HTTP/1.1" 304 - "http://localhost:5000/" "Mozilla/5.0 (Windows NT 10.0; Win64; x64) AppleWebKit/537.36 (KHTML, like Gecko) Chrome/84.0.4147.135 Safari/537.36"
::1 - - [25/Aug/2020:18:23:46 +0000] "GET /api/products HTTP/1.1" 304 - "http://localhost:5000/" "Mozilla/5.0 (Windows NT 10.0; Win64; x64) AppleWebKit/537.36 (KHTML, like Gecko) Chrome/84.0.4147.135 Safari/537.36"
::1 - - [25/Aug/2020:18:23:52 +0000] "GET /api/products HTTP/1.1" 304 - "http://localhost:5000/" "Mozilla/5.0 (Windows NT 10.0; Win64; x64) AppleWebKit/537.36 (KHTML, like Gecko) Chrome/84.0.4147.135 Safari/537.36"
::1 - - [25/Aug/2020:18:23:52 +0000] "GET /api/products HTTP/1.1" 304 - "http://localhost:5000/" "Mozilla/5.0 (Windows NT 10.0; Win64; x64) AppleWebKit/537.36 (KHTML, like Gecko) Chrome/84.0.4147.135 Safari/537.36"
::1 - - [25/Aug/2020:18:23:52 +0000] "GET /api/products HTTP/1.1" 304 - "http://localhost:5000/" "Mozilla/5.0 (Windows NT 10.0; Win64; x64) AppleWebKit/537.36 (KHTML, like Gecko) Chrome/84.0.4147.135 Safari/537.36"
::1 - - [25/Aug/2020:18:23:52 +0000] "GET /api/products HTTP/1.1" 304 - "http://localhost:5000/" "Mozilla/5.0 (Windows NT 10.0; Win64; x64) AppleWebKit/537.36 (KHTML, like Gecko) Chrome/84.0.4147.135 Safari/537.36"
::1 - - [25/Aug/2020:18:23:52 +0000] "GET /api/products HTTP/1.1" 304 - "http://localhost:5000/" "Mozilla/5.0 (Windows NT 10.0; Win64; x64) AppleWebKit/537.36 (KHTML, like Gecko) Chrome/84.0.4147.135 Safari/537.36"
::1 - - [25/Aug/2020:18:23:52 +0000] "GET /api/products HTTP/1.1" 304 - "http://localhost:5000/" "Mozilla/5.0 (Windows NT 10.0; Win64; x64) AppleWebKit/537.36 (KHTML, like Gecko) Chrome/84.0.4147.135 Safari/537.36"
::1 - - [25/Aug/2020:18:23:52 +0000] "GET /api/products HTTP/1.1" 304 - "http://localhost:5000/" "Mozilla/5.0 (Windows NT 10.0; Win64; x64) AppleWebKit/537.36 (KHTML, like Gecko) Chrome/84.0.4147.135 Safari/537.36"
::1 - - [25/Aug/2020:18:23:52 +0000] "GET /api/products HTTP/1.1" 304 - "http://localhost:5000/" "Mozilla/5.0 (Windows NT 10.0; Win64; x64) AppleWebKit/537.36 (KHTML, like Gecko) Chrome/84.0.4147.135 Safari/537.36"
::1 - - [25/Aug/2020:18:23:52 +0000] "GET /api/products HTTP/1.1" 304 - "http://localhost:5000/" "Mozilla/5.0 (Windows NT 10.0; Win64; x64) AppleWebKit/537.36 (KHTML, like Gecko) Chrome/84.0.4147.135 Safari/537.36"
::1 - - [25/Aug/2020:18:23:52 +0000] "GET /api/products HTTP/1.1" 304 - "http://localhost:5000/" "Mozilla/5.0 (Windows NT 10.0; Win64; x64) AppleWebKit/537.36 (KHTML, like Gecko) Chrome/84.0.4147.135 Safari/537.36"
::1 - - [25/Aug/2020:18:23:52 +0000] "GET /api/products HTTP/1.1" 304 - "http://localhost:5000/" "Mozilla/5.0 (Windows NT 10.0; Win64; x64) AppleWebKit/537.36 (KHTML, like Gecko) Chrome/84.0.4147.135 Safari/537.36"
::1 - - [25/Aug/2020:18:23:52 +0000] "GET /api/products HTTP/1.1" 304 - "http://localhost:5000/" "Mozilla/5.0 (Windows NT 10.0; Win64; x64) AppleWebKit/537.36 (KHTML, like Gecko) Chrome/84.0.4147.135 Safari/537.36"
::1 - - [25/Aug/2020:18:23:52 +0000] "GET /api/products HTTP/1.1" 304 - "http://localhost:5000/" "Mozilla/5.0 (Windows NT 10.0; Win64; x64) AppleWebKit/537.36 (KHTML, like Gecko) Chrome/84.0.4147.135 Safari/537.36"
::1 - - [25/Aug/2020:18:23:52 +0000] "GET /api/products HTTP/1.1" 304 - "http://localhost:5000/" "Mozilla/5.0 (Windows NT 10.0; Win64; x64) AppleWebKit/537.36 (KHTML, like Gecko) Chrome/84.0.4147.135 Safari/537.36"
::1 - - [25/Aug/2020:18:23:52 +0000] "GET /api/products HTTP/1.1" 304 - "http://localhost:5000/" "Mozilla/5.0 (Windows NT 10.0; Win64; x64) AppleWebKit/537.36 (KHTML, like Gecko) Chrome/84.0.4147.135 Safari/537.36"
::1 - - [25/Aug/2020:19:02:54 +0000] "GET /api/products HTTP/1.1" 200 1742 "http://localhost:3001/" "Mozilla/5.0 (Macintosh; Intel Mac OS X 10_15_6) AppleWebKit/537.36 (KHTML, like Gecko) Chrome/84.0.4147.135 Safari/537.36"
::1 - - [25/Aug/2020:19:03:30 +0000] "GET /api/products HTTP/1.1" 304 - "http://localhost:3001/" "Mozilla/5.0 (Macintosh; Intel Mac OS X 10_15_6) AppleWebKit/537.36 (KHTML, like Gecko) Chrome/84.0.4147.135 Safari/537.36"
::1 - - [25/Aug/2020:19:03:30 +0000] "GET /api/products HTTP/1.1" 304 - "http://localhost:3001/" "Mozilla/5.0 (Macintosh; Intel Mac OS X 10_15_6) AppleWebKit/537.36 (KHTML, like Gecko) Chrome/84.0.4147.135 Safari/537.36"
::1 - - [26/Aug/2020:04:08:19 +0000] "GET /api/products HTTP/1.1" 200 1742 "http://localhost:5000/" "Mozilla/5.0 (Windows NT 10.0; Win64; x64) AppleWebKit/537.36 (KHTML, like Gecko) Chrome/84.0.4147.105 Safari/537.36 OPR/70.0.3728.106"
::1 - - [26/Aug/2020:04:12:50 +0000] "GET /api/products HTTP/1.1" 304 - "http://localhost:5000/" "Mozilla/5.0 (Windows NT 10.0; Win64; x64) AppleWebKit/537.36 (KHTML, like Gecko) Chrome/84.0.4147.105 Safari/537.36 OPR/70.0.3728.106"
::1 - - [26/Aug/2020:04:12:50 +0000] "GET /api/products HTTP/1.1" 304 - "http://localhost:5000/" "Mozilla/5.0 (Windows NT 10.0; Win64; x64) AppleWebKit/537.36 (KHTML, like Gecko) Chrome/84.0.4147.105 Safari/537.36 OPR/70.0.3728.106"
::1 - - [26/Aug/2020:04:12:52 +0000] "GET /api/products HTTP/1.1" 304 - "http://localhost:5000/" "Mozilla/5.0 (Windows NT 10.0; Win64; x64) AppleWebKit/537.36 (KHTML, like Gecko) Chrome/84.0.4147.105 Safari/537.36 OPR/70.0.3728.106"
::1 - - [26/Aug/2020:04:12:52 +0000] "GET /api/products HTTP/1.1" 304 - "http://localhost:5000/" "Mozilla/5.0 (Windows NT 10.0; Win64; x64) AppleWebKit/537.36 (KHTML, like Gecko) Chrome/84.0.4147.105 Safari/537.36 OPR/70.0.3728.106"
::1 - - [26/Aug/2020:04:12:52 +0000] "GET /api/products HTTP/1.1" 304 - "http://localhost:5000/" "Mozilla/5.0 (Windows NT 10.0; Win64; x64) AppleWebKit/537.36 (KHTML, like Gecko) Chrome/84.0.4147.105 Safari/537.36 OPR/70.0.3728.106"
::1 - - [26/Aug/2020:04:12:54 +0000] "GET /api/products HTTP/1.1" 304 - "http://localhost:5000/" "Mozilla/5.0 (Windows NT 10.0; Win64; x64) AppleWebKit/537.36 (KHTML, like Gecko) Chrome/84.0.4147.105 Safari/537.36 OPR/70.0.3728.106"
::1 - - [26/Aug/2020:04:12:54 +0000] "GET /api/products HTTP/1.1" 304 - "http://localhost:5000/" "Mozilla/5.0 (Windows NT 10.0; Win64; x64) AppleWebKit/537.36 (KHTML, like Gecko) Chrome/84.0.4147.105 Safari/537.36 OPR/70.0.3728.106"
::1 - - [26/Aug/2020:04:12:54 +0000] "GET /api/products HTTP/1.1" 304 - "http://localhost:5000/" "Mozilla/5.0 (Windows NT 10.0; Win64; x64) AppleWebKit/537.36 (KHTML, like Gecko) Chrome/84.0.4147.105 Safari/537.36 OPR/70.0.3728.106"
::1 - - [26/Aug/2020:04:12:54 +0000] "GET /api/products HTTP/1.1" 304 - "http://localhost:5000/" "Mozilla/5.0 (Windows NT 10.0; Win64; x64) AppleWebKit/537.36 (KHTML, like Gecko) Chrome/84.0.4147.105 Safari/537.36 OPR/70.0.3728.106"
::1 - - [26/Aug/2020:04:12:56 +0000] "GET /api/products HTTP/1.1" 304 - "http://localhost:5000/" "Mozilla/5.0 (Windows NT 10.0; Win64; x64) AppleWebKit/537.36 (KHTML, like Gecko) Chrome/84.0.4147.105 Safari/537.36 OPR/70.0.3728.106"
::1 - - [26/Aug/2020:04:12:56 +0000] "GET /api/products HTTP/1.1" 304 - "http://localhost:5000/" "Mozilla/5.0 (Windows NT 10.0; Win64; x64) AppleWebKit/537.36 (KHTML, like Gecko) Chrome/84.0.4147.105 Safari/537.36 OPR/70.0.3728.106"
::1 - - [26/Aug/2020:04:12:56 +0000] "GET /api/products HTTP/1.1" 304 - "http://localhost:5000/" "Mozilla/5.0 (Windows NT 10.0; Win64; x64) AppleWebKit/537.36 (KHTML, like Gecko) Chrome/84.0.4147.105 Safari/537.36 OPR/70.0.3728.106"
::1 - - [26/Aug/2020:04:12:56 +0000] "GET /api/products HTTP/1.1" 304 - "http://localhost:5000/" "Mozilla/5.0 (Windows NT 10.0; Win64; x64) AppleWebKit/537.36 (KHTML, like Gecko) Chrome/84.0.4147.105 Safari/537.36 OPR/70.0.3728.106"
::1 - - [26/Aug/2020:04:12:56 +0000] "GET /api/products HTTP/1.1" 304 - "http://localhost:5000/" "Mozilla/5.0 (Windows NT 10.0; Win64; x64) AppleWebKit/537.36 (KHTML, like Gecko) Chrome/84.0.4147.105 Safari/537.36 OPR/70.0.3728.106"
::1 - - [26/Aug/2020:04:12:58 +0000] "GET /api/products HTTP/1.1" 304 - "http://localhost:5000/" "Mozilla/5.0 (Windows NT 10.0; Win64; x64) AppleWebKit/537.36 (KHTML, like Gecko) Chrome/84.0.4147.105 Safari/537.36 OPR/70.0.3728.106"
::1 - - [26/Aug/2020:04:12:58 +0000] "GET /api/products HTTP/1.1" 304 - "http://localhost:5000/" "Mozilla/5.0 (Windows NT 10.0; Win64; x64) AppleWebKit/537.36 (KHTML, like Gecko) Chrome/84.0.4147.105 Safari/537.36 OPR/70.0.3728.106"
::1 - - [26/Aug/2020:04:12:58 +0000] "GET /api/products HTTP/1.1" 304 - "http://localhost:5000/" "Mozilla/5.0 (Windows NT 10.0; Win64; x64) AppleWebKit/537.36 (KHTML, like Gecko) Chrome/84.0.4147.105 Safari/537.36 OPR/70.0.3728.106"
::1 - - [26/Aug/2020:04:12:58 +0000] "GET /api/products HTTP/1.1" 304 - "http://localhost:5000/" "Mozilla/5.0 (Windows NT 10.0; Win64; x64) AppleWebKit/537.36 (KHTML, like Gecko) Chrome/84.0.4147.105 Safari/537.36 OPR/70.0.3728.106"
::1 - - [26/Aug/2020:04:12:58 +0000] "GET /api/products HTTP/1.1" 304 - "http://localhost:5000/" "Mozilla/5.0 (Windows NT 10.0; Win64; x64) AppleWebKit/537.36 (KHTML, like Gecko) Chrome/84.0.4147.105 Safari/537.36 OPR/70.0.3728.106"
::1 - - [26/Aug/2020:04:12:58 +0000] "GET /api/products HTTP/1.1" 304 - "http://localhost:5000/" "Mozilla/5.0 (Windows NT 10.0; Win64; x64) AppleWebKit/537.36 (KHTML, like Gecko) Chrome/84.0.4147.105 Safari/537.36 OPR/70.0.3728.106"
::1 - - [26/Aug/2020:04:13:01 +0000] "GET /api/products HTTP/1.1" 304 - "http://localhost:5000/" "Mozilla/5.0 (Windows NT 10.0; Win64; x64) AppleWebKit/537.36 (KHTML, like Gecko) Chrome/84.0.4147.105 Safari/537.36 OPR/70.0.3728.106"
::1 - - [26/Aug/2020:04:13:01 +0000] "GET /api/products HTTP/1.1" 304 - "http://localhost:5000/" "Mozilla/5.0 (Windows NT 10.0; Win64; x64) AppleWebKit/537.36 (KHTML, like Gecko) Chrome/84.0.4147.105 Safari/537.36 OPR/70.0.3728.106"
::1 - - [26/Aug/2020:04:13:01 +0000] "GET /api/products HTTP/1.1" 304 - "http://localhost:5000/" "Mozilla/5.0 (Windows NT 10.0; Win64; x64) AppleWebKit/537.36 (KHTML, like Gecko) Chrome/84.0.4147.105 Safari/537.36 OPR/70.0.3728.106"
::1 - - [26/Aug/2020:04:13:01 +0000] "GET /api/products HTTP/1.1" 304 - "http://localhost:5000/" "Mozilla/5.0 (Windows NT 10.0; Win64; x64) AppleWebKit/537.36 (KHTML, like Gecko) Chrome/84.0.4147.105 Safari/537.36 OPR/70.0.3728.106"
::1 - - [26/Aug/2020:04:13:01 +0000] "GET /api/products HTTP/1.1" 304 - "http://localhost:5000/" "Mozilla/5.0 (Windows NT 10.0; Win64; x64) AppleWebKit/537.36 (KHTML, like Gecko) Chrome/84.0.4147.105 Safari/537.36 OPR/70.0.3728.106"
::1 - - [26/Aug/2020:04:13:01 +0000] "GET /api/products HTTP/1.1" 304 - "http://localhost:5000/" "Mozilla/5.0 (Windows NT 10.0; Win64; x64) AppleWebKit/537.36 (KHTML, like Gecko) Chrome/84.0.4147.105 Safari/537.36 OPR/70.0.3728.106"
::1 - - [26/Aug/2020:04:13:01 +0000] "GET /api/products HTTP/1.1" 304 - "http://localhost:5000/" "Mozilla/5.0 (Windows NT 10.0; Win64; x64) AppleWebKit/537.36 (KHTML, like Gecko) Chrome/84.0.4147.105 Safari/537.36 OPR/70.0.3728.106"
::1 - - [26/Aug/2020:04:13:11 +0000] "GET /api/products HTTP/1.1" 304 - "http://localhost:5000/" "Mozilla/5.0 (Windows NT 10.0; Win64; x64) AppleWebKit/537.36 (KHTML, like Gecko) Chrome/84.0.4147.105 Safari/537.36 OPR/70.0.3728.106"
::1 - - [26/Aug/2020:04:13:11 +0000] "GET /api/products HTTP/1.1" 304 - "http://localhost:5000/" "Mozilla/5.0 (Windows NT 10.0; Win64; x64) AppleWebKit/537.36 (KHTML, like Gecko) Chrome/84.0.4147.105 Safari/537.36 OPR/70.0.3728.106"
::1 - - [26/Aug/2020:04:13:11 +0000] "GET /api/products HTTP/1.1" 304 - "http://localhost:5000/" "Mozilla/5.0 (Windows NT 10.0; Win64; x64) AppleWebKit/537.36 (KHTML, like Gecko) Chrome/84.0.4147.105 Safari/537.36 OPR/70.0.3728.106"
::1 - - [26/Aug/2020:04:13:11 +0000] "GET /api/products HTTP/1.1" 304 - "http://localhost:5000/" "Mozilla/5.0 (Windows NT 10.0; Win64; x64) AppleWebKit/537.36 (KHTML, like Gecko) Chrome/84.0.4147.105 Safari/537.36 OPR/70.0.3728.106"
::1 - - [26/Aug/2020:04:13:11 +0000] "GET /api/products HTTP/1.1" 304 - "http://localhost:5000/" "Mozilla/5.0 (Windows NT 10.0; Win64; x64) AppleWebKit/537.36 (KHTML, like Gecko) Chrome/84.0.4147.105 Safari/537.36 OPR/70.0.3728.106"
::1 - - [26/Aug/2020:04:13:11 +0000] "GET /api/products HTTP/1.1" 304 - "http://localhost:5000/" "Mozilla/5.0 (Windows NT 10.0; Win64; x64) AppleWebKit/537.36 (KHTML, like Gecko) Chrome/84.0.4147.105 Safari/537.36 OPR/70.0.3728.106"
::1 - - [26/Aug/2020:04:13:11 +0000] "GET /api/products HTTP/1.1" 304 - "http://localhost:5000/" "Mozilla/5.0 (Windows NT 10.0; Win64; x64) AppleWebKit/537.36 (KHTML, like Gecko) Chrome/84.0.4147.105 Safari/537.36 OPR/70.0.3728.106"
::1 - - [26/Aug/2020:04:13:11 +0000] "GET /api/products HTTP/1.1" 304 - "http://localhost:5000/" "Mozilla/5.0 (Windows NT 10.0; Win64; x64) AppleWebKit/537.36 (KHTML, like Gecko) Chrome/84.0.4147.105 Safari/537.36 OPR/70.0.3728.106"
::1 - - [26/Aug/2020:04:14:57 +0000] "GET /api/products HTTP/1.1" 304 - "http://localhost:5000/" "Mozilla/5.0 (Windows NT 10.0; Win64; x64) AppleWebKit/537.36 (KHTML, like Gecko) Chrome/84.0.4147.105 Safari/537.36 OPR/70.0.3728.106"
::1 - - [26/Aug/2020:04:14:57 +0000] "GET /api/products HTTP/1.1" 304 - "http://localhost:5000/" "Mozilla/5.0 (Windows NT 10.0; Win64; x64) AppleWebKit/537.36 (KHTML, like Gecko) Chrome/84.0.4147.105 Safari/537.36 OPR/70.0.3728.106"
::1 - - [26/Aug/2020:04:14:57 +0000] "GET /api/products HTTP/1.1" 304 - "http://localhost:5000/" "Mozilla/5.0 (Windows NT 10.0; Win64; x64) AppleWebKit/537.36 (KHTML, like Gecko) Chrome/84.0.4147.105 Safari/537.36 OPR/70.0.3728.106"
::1 - - [26/Aug/2020:04:14:57 +0000] "GET /api/products HTTP/1.1" 304 - "http://localhost:5000/" "Mozilla/5.0 (Windows NT 10.0; Win64; x64) AppleWebKit/537.36 (KHTML, like Gecko) Chrome/84.0.4147.105 Safari/537.36 OPR/70.0.3728.106"
::1 - - [26/Aug/2020:04:14:57 +0000] "GET /api/products HTTP/1.1" 304 - "http://localhost:5000/" "Mozilla/5.0 (Windows NT 10.0; Win64; x64) AppleWebKit/537.36 (KHTML, like Gecko) Chrome/84.0.4147.105 Safari/537.36 OPR/70.0.3728.106"
::1 - - [26/Aug/2020:04:14:57 +0000] "GET /api/products HTTP/1.1" 304 - "http://localhost:5000/" "Mozilla/5.0 (Windows NT 10.0; Win64; x64) AppleWebKit/537.36 (KHTML, like Gecko) Chrome/84.0.4147.105 Safari/537.36 OPR/70.0.3728.106"
::1 - - [26/Aug/2020:04:14:57 +0000] "GET /api/products HTTP/1.1" 304 - "http://localhost:5000/" "Mozilla/5.0 (Windows NT 10.0; Win64; x64) AppleWebKit/537.36 (KHTML, like Gecko) Chrome/84.0.4147.105 Safari/537.36 OPR/70.0.3728.106"
::1 - - [26/Aug/2020:04:14:57 +0000] "GET /api/products HTTP/1.1" 304 - "http://localhost:5000/" "Mozilla/5.0 (Windows NT 10.0; Win64; x64) AppleWebKit/537.36 (KHTML, like Gecko) Chrome/84.0.4147.105 Safari/537.36 OPR/70.0.3728.106"
::1 - - [26/Aug/2020:04:14:57 +0000] "GET /api/products HTTP/1.1" 304 - "http://localhost:5000/" "Mozilla/5.0 (Windows NT 10.0; Win64; x64) AppleWebKit/537.36 (KHTML, like Gecko) Chrome/84.0.4147.105 Safari/537.36 OPR/70.0.3728.106"
::1 - - [26/Aug/2020:04:16:12 +0000] "GET /api/product HTTP/1.1" 404 150 "-" "PostmanRuntime/7.26.3"
::1 - - [26/Aug/2020:04:16:12 +0000] "GET /api/product HTTP/1.1" 404 150 "-" "PostmanRuntime/7.26.3"
::1 - - [26/Aug/2020:04:16:12 +0000] "GET /api/product HTTP/1.1" 404 150 "-" "PostmanRuntime/7.26.3"
::1 - - [26/Aug/2020:04:16:12 +0000] "GET /api/product HTTP/1.1" 404 150 "-" "PostmanRuntime/7.26.3"
::1 - - [26/Aug/2020:04:16:12 +0000] "GET /api/product HTTP/1.1" 404 150 "-" "PostmanRuntime/7.26.3"
::1 - - [26/Aug/2020:04:16:12 +0000] "GET /api/product HTTP/1.1" 404 150 "-" "PostmanRuntime/7.26.3"
::1 - - [26/Aug/2020:04:16:12 +0000] "GET /api/product HTTP/1.1" 404 150 "-" "PostmanRuntime/7.26.3"
::1 - - [26/Aug/2020:04:16:12 +0000] "GET /api/product HTTP/1.1" 404 150 "-" "PostmanRuntime/7.26.3"
::1 - - [26/Aug/2020:04:16:12 +0000] "GET /api/product HTTP/1.1" 404 150 "-" "PostmanRuntime/7.26.3"
::1 - - [26/Aug/2020:04:17:00 +0000] "GET /api/products HTTP/1.1" 200 1742 "-" "PostmanRuntime/7.26.3"
::1 - - [26/Aug/2020:04:17:00 +0000] "GET /api/products HTTP/1.1" 200 1742 "-" "PostmanRuntime/7.26.3"
::1 - - [26/Aug/2020:04:17:00 +0000] "GET /api/products HTTP/1.1" 200 1742 "-" "PostmanRuntime/7.26.3"
::1 - - [26/Aug/2020:04:17:00 +0000] "GET /api/products HTTP/1.1" 200 1742 "-" "PostmanRuntime/7.26.3"
::1 - - [26/Aug/2020:04:17:00 +0000] "GET /api/products HTTP/1.1" 200 1742 "-" "PostmanRuntime/7.26.3"
::1 - - [26/Aug/2020:04:17:00 +0000] "GET /api/products HTTP/1.1" 200 1742 "-" "PostmanRuntime/7.26.3"
::1 - - [26/Aug/2020:04:17:00 +0000] "GET /api/products HTTP/1.1" 200 1742 "-" "PostmanRuntime/7.26.3"
::1 - - [26/Aug/2020:04:17:00 +0000] "GET /api/products HTTP/1.1" 200 1742 "-" "PostmanRuntime/7.26.3"
::1 - - [26/Aug/2020:04:17:00 +0000] "GET /api/products HTTP/1.1" 200 1742 "-" "PostmanRuntime/7.26.3"
::1 - - [26/Aug/2020:04:17:00 +0000] "GET /api/products HTTP/1.1" 200 1742 "-" "PostmanRuntime/7.26.3"
::1 - - [26/Aug/2020:04:22:46 +0000] "POST /api/products HTTP/1.1" 200 122 "-" "PostmanRuntime/7.26.3"
::1 - - [26/Aug/2020:04:22:46 +0000] "POST /api/products HTTP/1.1" 200 122 "-" "PostmanRuntime/7.26.3"
::1 - - [26/Aug/2020:04:22:46 +0000] "POST /api/products HTTP/1.1" 200 122 "-" "PostmanRuntime/7.26.3"
::1 - - [26/Aug/2020:04:22:46 +0000] "POST /api/products HTTP/1.1" 200 122 "-" "PostmanRuntime/7.26.3"
::1 - - [26/Aug/2020:04:22:46 +0000] "POST /api/products HTTP/1.1" 200 122 "-" "PostmanRuntime/7.26.3"
::1 - - [26/Aug/2020:04:22:46 +0000] "POST /api/products HTTP/1.1" 200 122 "-" "PostmanRuntime/7.26.3"
::1 - - [26/Aug/2020:04:22:46 +0000] "POST /api/products HTTP/1.1" 200 122 "-" "PostmanRuntime/7.26.3"
::1 - - [26/Aug/2020:04:22:46 +0000] "POST /api/products HTTP/1.1" 200 122 "-" "PostmanRuntime/7.26.3"
::1 - - [26/Aug/2020:04:22:46 +0000] "POST /api/products HTTP/1.1" 200 122 "-" "PostmanRuntime/7.26.3"
::1 - - [26/Aug/2020:04:22:46 +0000] "POST /api/products HTTP/1.1" 200 122 "-" "PostmanRuntime/7.26.3"
::1 - - [26/Aug/2020:04:22:46 +0000] "POST /api/products HTTP/1.1" 200 122 "-" "PostmanRuntime/7.26.3"
::1 - - [26/Aug/2020:04:22:47 +0000] "GET /api/products HTTP/1.1" 200 1865 "http://localhost:5000/" "Mozilla/5.0 (Windows NT 10.0; Win64; x64) AppleWebKit/537.36 (KHTML, like Gecko) Chrome/84.0.4147.105 Safari/537.36 OPR/70.0.3728.106"
::1 - - [26/Aug/2020:04:22:47 +0000] "GET /api/products HTTP/1.1" 200 1865 "http://localhost:5000/" "Mozilla/5.0 (Windows NT 10.0; Win64; x64) AppleWebKit/537.36 (KHTML, like Gecko) Chrome/84.0.4147.105 Safari/537.36 OPR/70.0.3728.106"
::1 - - [26/Aug/2020:04:22:47 +0000] "GET /api/products HTTP/1.1" 200 1865 "http://localhost:5000/" "Mozilla/5.0 (Windows NT 10.0; Win64; x64) AppleWebKit/537.36 (KHTML, like Gecko) Chrome/84.0.4147.105 Safari/537.36 OPR/70.0.3728.106"
::1 - - [26/Aug/2020:04:22:47 +0000] "GET /api/products HTTP/1.1" 200 1865 "http://localhost:5000/" "Mozilla/5.0 (Windows NT 10.0; Win64; x64) AppleWebKit/537.36 (KHTML, like Gecko) Chrome/84.0.4147.105 Safari/537.36 OPR/70.0.3728.106"
::1 - - [26/Aug/2020:04:22:47 +0000] "GET /api/products HTTP/1.1" 200 1865 "http://localhost:5000/" "Mozilla/5.0 (Windows NT 10.0; Win64; x64) AppleWebKit/537.36 (KHTML, like Gecko) Chrome/84.0.4147.105 Safari/537.36 OPR/70.0.3728.106"
::1 - - [26/Aug/2020:04:22:47 +0000] "GET /api/products HTTP/1.1" 200 1865 "http://localhost:5000/" "Mozilla/5.0 (Windows NT 10.0; Win64; x64) AppleWebKit/537.36 (KHTML, like Gecko) Chrome/84.0.4147.105 Safari/537.36 OPR/70.0.3728.106"
::1 - - [26/Aug/2020:04:22:47 +0000] "GET /api/products HTTP/1.1" 200 1865 "http://localhost:5000/" "Mozilla/5.0 (Windows NT 10.0; Win64; x64) AppleWebKit/537.36 (KHTML, like Gecko) Chrome/84.0.4147.105 Safari/537.36 OPR/70.0.3728.106"
::1 - - [26/Aug/2020:04:22:47 +0000] "GET /api/products HTTP/1.1" 200 1865 "http://localhost:5000/" "Mozilla/5.0 (Windows NT 10.0; Win64; x64) AppleWebKit/537.36 (KHTML, like Gecko) Chrome/84.0.4147.105 Safari/537.36 OPR/70.0.3728.106"
::1 - - [26/Aug/2020:04:22:47 +0000] "GET /api/products HTTP/1.1" 200 1865 "http://localhost:5000/" "Mozilla/5.0 (Windows NT 10.0; Win64; x64) AppleWebKit/537.36 (KHTML, like Gecko) Chrome/84.0.4147.105 Safari/537.36 OPR/70.0.3728.106"
::1 - - [26/Aug/2020:04:22:47 +0000] "GET /api/products HTTP/1.1" 200 1865 "http://localhost:5000/" "Mozilla/5.0 (Windows NT 10.0; Win64; x64) AppleWebKit/537.36 (KHTML, like Gecko) Chrome/84.0.4147.105 Safari/537.36 OPR/70.0.3728.106"
::1 - - [26/Aug/2020:04:22:47 +0000] "GET /api/products HTTP/1.1" 200 1865 "http://localhost:5000/" "Mozilla/5.0 (Windows NT 10.0; Win64; x64) AppleWebKit/537.36 (KHTML, like Gecko) Chrome/84.0.4147.105 Safari/537.36 OPR/70.0.3728.106"
::1 - - [26/Aug/2020:04:22:47 +0000] "GET /api/products HTTP/1.1" 200 1865 "http://localhost:5000/" "Mozilla/5.0 (Windows NT 10.0; Win64; x64) AppleWebKit/537.36 (KHTML, like Gecko) Chrome/84.0.4147.105 Safari/537.36 OPR/70.0.3728.106"
::1 - - [26/Aug/2020:04:38:11 +0000] "GET /api/products HTTP/1.1" 200 2 "http://localhost:5000/" "Mozilla/5.0 (Windows NT 10.0; Win64; x64) AppleWebKit/537.36 (KHTML, like Gecko) Chrome/84.0.4147.105 Safari/537.36 OPR/70.0.3728.106"
::1 - - [26/Aug/2020:04:38:11 +0000] "GET /api/products HTTP/1.1" 200 2 "http://localhost:5000/" "Mozilla/5.0 (Windows NT 10.0; Win64; x64) AppleWebKit/537.36 (KHTML, like Gecko) Chrome/84.0.4147.105 Safari/537.36 OPR/70.0.3728.106"
::1 - - [26/Aug/2020:04:38:11 +0000] "GET /api/products HTTP/1.1" 200 2 "http://localhost:5000/" "Mozilla/5.0 (Windows NT 10.0; Win64; x64) AppleWebKit/537.36 (KHTML, like Gecko) Chrome/84.0.4147.105 Safari/537.36 OPR/70.0.3728.106"
::1 - - [26/Aug/2020:04:38:11 +0000] "GET /api/products HTTP/1.1" 200 2 "http://localhost:5000/" "Mozilla/5.0 (Windows NT 10.0; Win64; x64) AppleWebKit/537.36 (KHTML, like Gecko) Chrome/84.0.4147.105 Safari/537.36 OPR/70.0.3728.106"
::1 - - [26/Aug/2020:04:38:11 +0000] "GET /api/products HTTP/1.1" 200 2 "http://localhost:5000/" "Mozilla/5.0 (Windows NT 10.0; Win64; x64) AppleWebKit/537.36 (KHTML, like Gecko) Chrome/84.0.4147.105 Safari/537.36 OPR/70.0.3728.106"
::1 - - [26/Aug/2020:04:38:11 +0000] "GET /api/products HTTP/1.1" 200 2 "http://localhost:5000/" "Mozilla/5.0 (Windows NT 10.0; Win64; x64) AppleWebKit/537.36 (KHTML, like Gecko) Chrome/84.0.4147.105 Safari/537.36 OPR/70.0.3728.106"
::1 - - [26/Aug/2020:04:38:11 +0000] "GET /api/products HTTP/1.1" 200 2 "http://localhost:5000/" "Mozilla/5.0 (Windows NT 10.0; Win64; x64) AppleWebKit/537.36 (KHTML, like Gecko) Chrome/84.0.4147.105 Safari/537.36 OPR/70.0.3728.106"
::1 - - [26/Aug/2020:04:38:11 +0000] "GET /api/products HTTP/1.1" 200 2 "http://localhost:5000/" "Mozilla/5.0 (Windows NT 10.0; Win64; x64) AppleWebKit/537.36 (KHTML, like Gecko) Chrome/84.0.4147.105 Safari/537.36 OPR/70.0.3728.106"
::1 - - [26/Aug/2020:04:38:11 +0000] "GET /api/products HTTP/1.1" 200 2 "http://localhost:5000/" "Mozilla/5.0 (Windows NT 10.0; Win64; x64) AppleWebKit/537.36 (KHTML, like Gecko) Chrome/84.0.4147.105 Safari/537.36 OPR/70.0.3728.106"
::1 - - [26/Aug/2020:04:38:11 +0000] "GET /api/products HTTP/1.1" 200 2 "http://localhost:5000/" "Mozilla/5.0 (Windows NT 10.0; Win64; x64) AppleWebKit/537.36 (KHTML, like Gecko) Chrome/84.0.4147.105 Safari/537.36 OPR/70.0.3728.106"
::1 - - [26/Aug/2020:04:38:11 +0000] "GET /api/products HTTP/1.1" 200 2 "http://localhost:5000/" "Mozilla/5.0 (Windows NT 10.0; Win64; x64) AppleWebKit/537.36 (KHTML, like Gecko) Chrome/84.0.4147.105 Safari/537.36 OPR/70.0.3728.106"
::1 - - [26/Aug/2020:04:38:11 +0000] "GET /api/products HTTP/1.1" 200 2 "http://localhost:5000/" "Mozilla/5.0 (Windows NT 10.0; Win64; x64) AppleWebKit/537.36 (KHTML, like Gecko) Chrome/84.0.4147.105 Safari/537.36 OPR/70.0.3728.106"
::1 - - [26/Aug/2020:04:38:11 +0000] "GET /api/products HTTP/1.1" 200 2 "http://localhost:5000/" "Mozilla/5.0 (Windows NT 10.0; Win64; x64) AppleWebKit/537.36 (KHTML, like Gecko) Chrome/84.0.4147.105 Safari/537.36 OPR/70.0.3728.106"
::1 - - [26/Aug/2020:04:38:25 +0000] "GET /api/products HTTP/1.1" 304 - "http://localhost:5000/" "Mozilla/5.0 (Windows NT 10.0; Win64; x64) AppleWebKit/537.36 (KHTML, like Gecko) Chrome/84.0.4147.105 Safari/537.36 OPR/70.0.3728.106"
::1 - - [26/Aug/2020:04:38:25 +0000] "GET /api/products HTTP/1.1" 304 - "http://localhost:5000/" "Mozilla/5.0 (Windows NT 10.0; Win64; x64) AppleWebKit/537.36 (KHTML, like Gecko) Chrome/84.0.4147.105 Safari/537.36 OPR/70.0.3728.106"
::1 - - [26/Aug/2020:04:38:25 +0000] "GET /api/products HTTP/1.1" 304 - "http://localhost:5000/" "Mozilla/5.0 (Windows NT 10.0; Win64; x64) AppleWebKit/537.36 (KHTML, like Gecko) Chrome/84.0.4147.105 Safari/537.36 OPR/70.0.3728.106"
::1 - - [26/Aug/2020:04:38:25 +0000] "GET /api/products HTTP/1.1" 304 - "http://localhost:5000/" "Mozilla/5.0 (Windows NT 10.0; Win64; x64) AppleWebKit/537.36 (KHTML, like Gecko) Chrome/84.0.4147.105 Safari/537.36 OPR/70.0.3728.106"
::1 - - [26/Aug/2020:04:38:25 +0000] "GET /api/products HTTP/1.1" 304 - "http://localhost:5000/" "Mozilla/5.0 (Windows NT 10.0; Win64; x64) AppleWebKit/537.36 (KHTML, like Gecko) Chrome/84.0.4147.105 Safari/537.36 OPR/70.0.3728.106"
::1 - - [26/Aug/2020:04:38:25 +0000] "GET /api/products HTTP/1.1" 304 - "http://localhost:5000/" "Mozilla/5.0 (Windows NT 10.0; Win64; x64) AppleWebKit/537.36 (KHTML, like Gecko) Chrome/84.0.4147.105 Safari/537.36 OPR/70.0.3728.106"
::1 - - [26/Aug/2020:04:38:25 +0000] "GET /api/products HTTP/1.1" 304 - "http://localhost:5000/" "Mozilla/5.0 (Windows NT 10.0; Win64; x64) AppleWebKit/537.36 (KHTML, like Gecko) Chrome/84.0.4147.105 Safari/537.36 OPR/70.0.3728.106"
::1 - - [26/Aug/2020:04:38:25 +0000] "GET /api/products HTTP/1.1" 304 - "http://localhost:5000/" "Mozilla/5.0 (Windows NT 10.0; Win64; x64) AppleWebKit/537.36 (KHTML, like Gecko) Chrome/84.0.4147.105 Safari/537.36 OPR/70.0.3728.106"
::1 - - [26/Aug/2020:04:38:25 +0000] "GET /api/products HTTP/1.1" 304 - "http://localhost:5000/" "Mozilla/5.0 (Windows NT 10.0; Win64; x64) AppleWebKit/537.36 (KHTML, like Gecko) Chrome/84.0.4147.105 Safari/537.36 OPR/70.0.3728.106"
::1 - - [26/Aug/2020:04:38:25 +0000] "GET /api/products HTTP/1.1" 304 - "http://localhost:5000/" "Mozilla/5.0 (Windows NT 10.0; Win64; x64) AppleWebKit/537.36 (KHTML, like Gecko) Chrome/84.0.4147.105 Safari/537.36 OPR/70.0.3728.106"
::1 - - [26/Aug/2020:04:38:25 +0000] "GET /api/products HTTP/1.1" 304 - "http://localhost:5000/" "Mozilla/5.0 (Windows NT 10.0; Win64; x64) AppleWebKit/537.36 (KHTML, like Gecko) Chrome/84.0.4147.105 Safari/537.36 OPR/70.0.3728.106"
::1 - - [26/Aug/2020:04:38:25 +0000] "GET /api/products HTTP/1.1" 304 - "http://localhost:5000/" "Mozilla/5.0 (Windows NT 10.0; Win64; x64) AppleWebKit/537.36 (KHTML, like Gecko) Chrome/84.0.4147.105 Safari/537.36 OPR/70.0.3728.106"
::1 - - [26/Aug/2020:04:38:25 +0000] "GET /api/products HTTP/1.1" 304 - "http://localhost:5000/" "Mozilla/5.0 (Windows NT 10.0; Win64; x64) AppleWebKit/537.36 (KHTML, like Gecko) Chrome/84.0.4147.105 Safari/537.36 OPR/70.0.3728.106"
::1 - - [26/Aug/2020:04:38:25 +0000] "GET /api/products HTTP/1.1" 304 - "http://localhost:5000/" "Mozilla/5.0 (Windows NT 10.0; Win64; x64) AppleWebKit/537.36 (KHTML, like Gecko) Chrome/84.0.4147.105 Safari/537.36 OPR/70.0.3728.106"
::1 - - [26/Aug/2020:04:39:52 +0000] "POST /api/products HTTP/1.1" 500 38 "-" "PostmanRuntime/7.26.3"
::1 - - [26/Aug/2020:04:39:52 +0000] "POST /api/products HTTP/1.1" 500 38 "-" "PostmanRuntime/7.26.3"
::1 - - [26/Aug/2020:04:39:52 +0000] "POST /api/products HTTP/1.1" 500 38 "-" "PostmanRuntime/7.26.3"
::1 - - [26/Aug/2020:04:39:52 +0000] "POST /api/products HTTP/1.1" 500 38 "-" "PostmanRuntime/7.26.3"
::1 - - [26/Aug/2020:04:39:52 +0000] "POST /api/products HTTP/1.1" 500 38 "-" "PostmanRuntime/7.26.3"
::1 - - [26/Aug/2020:04:39:52 +0000] "POST /api/products HTTP/1.1" 500 38 "-" "PostmanRuntime/7.26.3"
::1 - - [26/Aug/2020:04:39:52 +0000] "POST /api/products HTTP/1.1" 500 38 "-" "PostmanRuntime/7.26.3"
::1 - - [26/Aug/2020:04:39:52 +0000] "POST /api/products HTTP/1.1" 500 38 "-" "PostmanRuntime/7.26.3"
::1 - - [26/Aug/2020:04:39:52 +0000] "POST /api/products HTTP/1.1" 500 38 "-" "PostmanRuntime/7.26.3"
::1 - - [26/Aug/2020:04:39:52 +0000] "POST /api/products HTTP/1.1" 500 38 "-" "PostmanRuntime/7.26.3"
::1 - - [26/Aug/2020:04:39:52 +0000] "POST /api/products HTTP/1.1" 500 38 "-" "PostmanRuntime/7.26.3"
::1 - - [26/Aug/2020:04:39:52 +0000] "POST /api/products HTTP/1.1" 500 38 "-" "PostmanRuntime/7.26.3"
::1 - - [26/Aug/2020:04:39:52 +0000] "POST /api/products HTTP/1.1" 500 38 "-" "PostmanRuntime/7.26.3"
::1 - - [26/Aug/2020:04:39:52 +0000] "POST /api/products HTTP/1.1" 500 38 "-" "PostmanRuntime/7.26.3"
::1 - - [26/Aug/2020:04:39:52 +0000] "POST /api/products HTTP/1.1" 500 38 "-" "PostmanRuntime/7.26.3"
::1 - - [26/Aug/2020:04:40:04 +0000] "POST /api/products HTTP/1.1" 500 38 "-" "PostmanRuntime/7.26.3"
::1 - - [26/Aug/2020:04:40:04 +0000] "POST /api/products HTTP/1.1" 500 38 "-" "PostmanRuntime/7.26.3"
::1 - - [26/Aug/2020:04:40:04 +0000] "POST /api/products HTTP/1.1" 500 38 "-" "PostmanRuntime/7.26.3"
::1 - - [26/Aug/2020:04:40:04 +0000] "POST /api/products HTTP/1.1" 500 38 "-" "PostmanRuntime/7.26.3"
::1 - - [26/Aug/2020:04:40:04 +0000] "POST /api/products HTTP/1.1" 500 38 "-" "PostmanRuntime/7.26.3"
::1 - - [26/Aug/2020:04:40:04 +0000] "POST /api/products HTTP/1.1" 500 38 "-" "PostmanRuntime/7.26.3"
::1 - - [26/Aug/2020:04:40:04 +0000] "POST /api/products HTTP/1.1" 500 38 "-" "PostmanRuntime/7.26.3"
::1 - - [26/Aug/2020:04:40:04 +0000] "POST /api/products HTTP/1.1" 500 38 "-" "PostmanRuntime/7.26.3"
::1 - - [26/Aug/2020:04:40:04 +0000] "POST /api/products HTTP/1.1" 500 38 "-" "PostmanRuntime/7.26.3"
::1 - - [26/Aug/2020:04:40:04 +0000] "POST /api/products HTTP/1.1" 500 38 "-" "PostmanRuntime/7.26.3"
::1 - - [26/Aug/2020:04:40:04 +0000] "POST /api/products HTTP/1.1" 500 38 "-" "PostmanRuntime/7.26.3"
::1 - - [26/Aug/2020:04:40:04 +0000] "POST /api/products HTTP/1.1" 500 38 "-" "PostmanRuntime/7.26.3"
::1 - - [26/Aug/2020:04:40:04 +0000] "POST /api/products HTTP/1.1" 500 38 "-" "PostmanRuntime/7.26.3"
::1 - - [26/Aug/2020:04:40:04 +0000] "POST /api/products HTTP/1.1" 500 38 "-" "PostmanRuntime/7.26.3"
::1 - - [26/Aug/2020:04:40:04 +0000] "POST /api/products HTTP/1.1" 500 38 "-" "PostmanRuntime/7.26.3"
::1 - - [26/Aug/2020:04:40:04 +0000] "POST /api/products HTTP/1.1" 500 38 "-" "PostmanRuntime/7.26.3"
::1 - - [26/Aug/2020:04:40:57 +0000] "GET /api/products HTTP/1.1" 304 - "http://localhost:5000/" "Mozilla/5.0 (Windows NT 10.0; Win64; x64) AppleWebKit/537.36 (KHTML, like Gecko) Chrome/84.0.4147.105 Safari/537.36 OPR/70.0.3728.106"
::1 - - [26/Aug/2020:04:40:57 +0000] "GET /api/products HTTP/1.1" 304 - "http://localhost:5000/" "Mozilla/5.0 (Windows NT 10.0; Win64; x64) AppleWebKit/537.36 (KHTML, like Gecko) Chrome/84.0.4147.105 Safari/537.36 OPR/70.0.3728.106"
::1 - - [26/Aug/2020:04:40:57 +0000] "GET /api/products HTTP/1.1" 304 - "http://localhost:5000/" "Mozilla/5.0 (Windows NT 10.0; Win64; x64) AppleWebKit/537.36 (KHTML, like Gecko) Chrome/84.0.4147.105 Safari/537.36 OPR/70.0.3728.106"
::1 - - [26/Aug/2020:04:40:57 +0000] "GET /api/products HTTP/1.1" 304 - "http://localhost:5000/" "Mozilla/5.0 (Windows NT 10.0; Win64; x64) AppleWebKit/537.36 (KHTML, like Gecko) Chrome/84.0.4147.105 Safari/537.36 OPR/70.0.3728.106"
::1 - - [26/Aug/2020:04:40:57 +0000] "GET /api/products HTTP/1.1" 304 - "http://localhost:5000/" "Mozilla/5.0 (Windows NT 10.0; Win64; x64) AppleWebKit/537.36 (KHTML, like Gecko) Chrome/84.0.4147.105 Safari/537.36 OPR/70.0.3728.106"
::1 - - [26/Aug/2020:04:40:57 +0000] "GET /api/products HTTP/1.1" 304 - "http://localhost:5000/" "Mozilla/5.0 (Windows NT 10.0; Win64; x64) AppleWebKit/537.36 (KHTML, like Gecko) Chrome/84.0.4147.105 Safari/537.36 OPR/70.0.3728.106"
::1 - - [26/Aug/2020:04:40:57 +0000] "GET /api/products HTTP/1.1" 304 - "http://localhost:5000/" "Mozilla/5.0 (Windows NT 10.0; Win64; x64) AppleWebKit/537.36 (KHTML, like Gecko) Chrome/84.0.4147.105 Safari/537.36 OPR/70.0.3728.106"
::1 - - [26/Aug/2020:04:40:57 +0000] "GET /api/products HTTP/1.1" 304 - "http://localhost:5000/" "Mozilla/5.0 (Windows NT 10.0; Win64; x64) AppleWebKit/537.36 (KHTML, like Gecko) Chrome/84.0.4147.105 Safari/537.36 OPR/70.0.3728.106"
::1 - - [26/Aug/2020:04:40:57 +0000] "GET /api/products HTTP/1.1" 304 - "http://localhost:5000/" "Mozilla/5.0 (Windows NT 10.0; Win64; x64) AppleWebKit/537.36 (KHTML, like Gecko) Chrome/84.0.4147.105 Safari/537.36 OPR/70.0.3728.106"
::1 - - [26/Aug/2020:04:40:57 +0000] "GET /api/products HTTP/1.1" 304 - "http://localhost:5000/" "Mozilla/5.0 (Windows NT 10.0; Win64; x64) AppleWebKit/537.36 (KHTML, like Gecko) Chrome/84.0.4147.105 Safari/537.36 OPR/70.0.3728.106"
::1 - - [26/Aug/2020:04:40:57 +0000] "GET /api/products HTTP/1.1" 304 - "http://localhost:5000/" "Mozilla/5.0 (Windows NT 10.0; Win64; x64) AppleWebKit/537.36 (KHTML, like Gecko) Chrome/84.0.4147.105 Safari/537.36 OPR/70.0.3728.106"
::1 - - [26/Aug/2020:04:40:57 +0000] "GET /api/products HTTP/1.1" 304 - "http://localhost:5000/" "Mozilla/5.0 (Windows NT 10.0; Win64; x64) AppleWebKit/537.36 (KHTML, like Gecko) Chrome/84.0.4147.105 Safari/537.36 OPR/70.0.3728.106"
::1 - - [26/Aug/2020:04:40:57 +0000] "GET /api/products HTTP/1.1" 304 - "http://localhost:5000/" "Mozilla/5.0 (Windows NT 10.0; Win64; x64) AppleWebKit/537.36 (KHTML, like Gecko) Chrome/84.0.4147.105 Safari/537.36 OPR/70.0.3728.106"
::1 - - [26/Aug/2020:04:40:57 +0000] "GET /api/products HTTP/1.1" 304 - "http://localhost:5000/" "Mozilla/5.0 (Windows NT 10.0; Win64; x64) AppleWebKit/537.36 (KHTML, like Gecko) Chrome/84.0.4147.105 Safari/537.36 OPR/70.0.3728.106"
::1 - - [26/Aug/2020:04:40:57 +0000] "GET /api/products HTTP/1.1" 304 - "http://localhost:5000/" "Mozilla/5.0 (Windows NT 10.0; Win64; x64) AppleWebKit/537.36 (KHTML, like Gecko) Chrome/84.0.4147.105 Safari/537.36 OPR/70.0.3728.106"
::1 - - [26/Aug/2020:04:40:57 +0000] "GET /api/products HTTP/1.1" 304 - "http://localhost:5000/" "Mozilla/5.0 (Windows NT 10.0; Win64; x64) AppleWebKit/537.36 (KHTML, like Gecko) Chrome/84.0.4147.105 Safari/537.36 OPR/70.0.3728.106"
::1 - - [26/Aug/2020:04:40:57 +0000] "GET /api/products HTTP/1.1" 304 - "http://localhost:5000/" "Mozilla/5.0 (Windows NT 10.0; Win64; x64) AppleWebKit/537.36 (KHTML, like Gecko) Chrome/84.0.4147.105 Safari/537.36 OPR/70.0.3728.106"
::1 - - [26/Aug/2020:04:41:43 +0000] "POST /api/products HTTP/1.1" 500 38 "-" "PostmanRuntime/7.26.3"
::1 - - [26/Aug/2020:04:41:43 +0000] "POST /api/products HTTP/1.1" 500 38 "-" "PostmanRuntime/7.26.3"
::1 - - [26/Aug/2020:04:41:43 +0000] "POST /api/products HTTP/1.1" 500 38 "-" "PostmanRuntime/7.26.3"
::1 - - [26/Aug/2020:04:41:43 +0000] "POST /api/products HTTP/1.1" 500 38 "-" "PostmanRuntime/7.26.3"
::1 - - [26/Aug/2020:04:41:43 +0000] "POST /api/products HTTP/1.1" 500 38 "-" "PostmanRuntime/7.26.3"
::1 - - [26/Aug/2020:04:41:43 +0000] "POST /api/products HTTP/1.1" 500 38 "-" "PostmanRuntime/7.26.3"
::1 - - [26/Aug/2020:04:41:43 +0000] "POST /api/products HTTP/1.1" 500 38 "-" "PostmanRuntime/7.26.3"
::1 - - [26/Aug/2020:04:41:43 +0000] "POST /api/products HTTP/1.1" 500 38 "-" "PostmanRuntime/7.26.3"
::1 - - [26/Aug/2020:04:41:43 +0000] "POST /api/products HTTP/1.1" 500 38 "-" "PostmanRuntime/7.26.3"
::1 - - [26/Aug/2020:04:41:43 +0000] "POST /api/products HTTP/1.1" 500 38 "-" "PostmanRuntime/7.26.3"
::1 - - [26/Aug/2020:04:41:43 +0000] "POST /api/products HTTP/1.1" 500 38 "-" "PostmanRuntime/7.26.3"
::1 - - [26/Aug/2020:04:41:43 +0000] "POST /api/products HTTP/1.1" 500 38 "-" "PostmanRuntime/7.26.3"
::1 - - [26/Aug/2020:04:41:43 +0000] "POST /api/products HTTP/1.1" 500 38 "-" "PostmanRuntime/7.26.3"
::1 - - [26/Aug/2020:04:41:43 +0000] "POST /api/products HTTP/1.1" 500 38 "-" "PostmanRuntime/7.26.3"
::1 - - [26/Aug/2020:04:41:43 +0000] "POST /api/products HTTP/1.1" 500 38 "-" "PostmanRuntime/7.26.3"
::1 - - [26/Aug/2020:04:41:43 +0000] "POST /api/products HTTP/1.1" 500 38 "-" "PostmanRuntime/7.26.3"
::1 - - [26/Aug/2020:04:41:43 +0000] "POST /api/products HTTP/1.1" 500 38 "-" "PostmanRuntime/7.26.3"
::1 - - [26/Aug/2020:04:41:43 +0000] "POST /api/products HTTP/1.1" 500 38 "-" "PostmanRuntime/7.26.3"
::1 - - [26/Aug/2020:04:43:33 +0000] "POST /api/products HTTP/1.1" 500 38 "-" "PostmanRuntime/7.26.3"
::1 - - [26/Aug/2020:04:43:46 +0000] "POST /api/products HTTP/1.1" 200 122 "-" "PostmanRuntime/7.26.3"
::1 - - [26/Aug/2020:04:43:47 +0000] "GET /api/products HTTP/1.1" 200 124 "http://localhost:5000/" "Mozilla/5.0 (Windows NT 10.0; Win64; x64) AppleWebKit/537.36 (KHTML, like Gecko) Chrome/84.0.4147.105 Safari/537.36 OPR/70.0.3728.106"
::1 - - [26/Aug/2020:04:43:47 +0000] "GET /api/products HTTP/1.1" 200 124 "http://localhost:5000/" "Mozilla/5.0 (Windows NT 10.0; Win64; x64) AppleWebKit/537.36 (KHTML, like Gecko) Chrome/84.0.4147.105 Safari/537.36 OPR/70.0.3728.106"
::1 - - [26/Aug/2020:04:44:32 +0000] "POST /api/products HTTP/1.1" 200 153 "-" "PostmanRuntime/7.26.3"
::1 - - [26/Aug/2020:04:44:32 +0000] "GET /api/products HTTP/1.1" 200 278 "http://localhost:5000/" "Mozilla/5.0 (Windows NT 10.0; Win64; x64) AppleWebKit/537.36 (KHTML, like Gecko) Chrome/84.0.4147.105 Safari/537.36 OPR/70.0.3728.106"
::1 - - [26/Aug/2020:04:44:32 +0000] "GET /api/products HTTP/1.1" 200 278 "http://localhost:5000/" "Mozilla/5.0 (Windows NT 10.0; Win64; x64) AppleWebKit/537.36 (KHTML, like Gecko) Chrome/84.0.4147.105 Safari/537.36 OPR/70.0.3728.106"
::1 - - [26/Aug/2020:04:44:57 +0000] "GET /api/products HTTP/1.1" 200 155 "http://localhost:5000/" "Mozilla/5.0 (Windows NT 10.0; Win64; x64) AppleWebKit/537.36 (KHTML, like Gecko) Chrome/84.0.4147.105 Safari/537.36 OPR/70.0.3728.106"
::1 - - [26/Aug/2020:04:44:57 +0000] "GET /api/products HTTP/1.1" 200 155 "http://localhost:5000/" "Mozilla/5.0 (Windows NT 10.0; Win64; x64) AppleWebKit/537.36 (KHTML, like Gecko) Chrome/84.0.4147.105 Safari/537.36 OPR/70.0.3728.106"
::1 - - [26/Aug/2020:04:44:57 +0000] "GET /api/products HTTP/1.1" 200 155 "http://localhost:5000/" "Mozilla/5.0 (Windows NT 10.0; Win64; x64) AppleWebKit/537.36 (KHTML, like Gecko) Chrome/84.0.4147.105 Safari/537.36 OPR/70.0.3728.106"
::1 - - [26/Aug/2020:04:45:02 +0000] "GET /api/products HTTP/1.1" 304 - "http://localhost:5000/" "Mozilla/5.0 (Windows NT 10.0; Win64; x64) AppleWebKit/537.36 (KHTML, like Gecko) Chrome/84.0.4147.105 Safari/537.36 OPR/70.0.3728.106"
::1 - - [26/Aug/2020:04:45:02 +0000] "GET /api/products HTTP/1.1" 304 - "http://localhost:5000/" "Mozilla/5.0 (Windows NT 10.0; Win64; x64) AppleWebKit/537.36 (KHTML, like Gecko) Chrome/84.0.4147.105 Safari/537.36 OPR/70.0.3728.106"
::1 - - [26/Aug/2020:04:45:02 +0000] "GET /api/products HTTP/1.1" 304 - "http://localhost:5000/" "Mozilla/5.0 (Windows NT 10.0; Win64; x64) AppleWebKit/537.36 (KHTML, like Gecko) Chrome/84.0.4147.105 Safari/537.36 OPR/70.0.3728.106"
::1 - - [26/Aug/2020:04:45:02 +0000] "GET /api/products HTTP/1.1" 304 - "http://localhost:5000/" "Mozilla/5.0 (Windows NT 10.0; Win64; x64) AppleWebKit/537.36 (KHTML, like Gecko) Chrome/84.0.4147.105 Safari/537.36 OPR/70.0.3728.106"
::1 - - [26/Aug/2020:04:45:03 +0000] "GET /api/products HTTP/1.1" 304 - "http://localhost:5000/" "Mozilla/5.0 (Windows NT 10.0; Win64; x64) AppleWebKit/537.36 (KHTML, like Gecko) Chrome/84.0.4147.105 Safari/537.36 OPR/70.0.3728.106"
::1 - - [26/Aug/2020:04:45:03 +0000] "GET /api/products HTTP/1.1" 304 - "http://localhost:5000/" "Mozilla/5.0 (Windows NT 10.0; Win64; x64) AppleWebKit/537.36 (KHTML, like Gecko) Chrome/84.0.4147.105 Safari/537.36 OPR/70.0.3728.106"
::1 - - [26/Aug/2020:04:45:03 +0000] "GET /api/products HTTP/1.1" 304 - "http://localhost:5000/" "Mozilla/5.0 (Windows NT 10.0; Win64; x64) AppleWebKit/537.36 (KHTML, like Gecko) Chrome/84.0.4147.105 Safari/537.36 OPR/70.0.3728.106"
::1 - - [26/Aug/2020:04:45:03 +0000] "GET /api/products HTTP/1.1" 304 - "http://localhost:5000/" "Mozilla/5.0 (Windows NT 10.0; Win64; x64) AppleWebKit/537.36 (KHTML, like Gecko) Chrome/84.0.4147.105 Safari/537.36 OPR/70.0.3728.106"
::1 - - [26/Aug/2020:04:45:03 +0000] "GET /api/products HTTP/1.1" 304 - "http://localhost:5000/" "Mozilla/5.0 (Windows NT 10.0; Win64; x64) AppleWebKit/537.36 (KHTML, like Gecko) Chrome/84.0.4147.105 Safari/537.36 OPR/70.0.3728.106"
::1 - - [26/Aug/2020:04:45:05 +0000] "GET /api/products HTTP/1.1" 304 - "http://localhost:5000/" "Mozilla/5.0 (Windows NT 10.0; Win64; x64) AppleWebKit/537.36 (KHTML, like Gecko) Chrome/84.0.4147.105 Safari/537.36 OPR/70.0.3728.106"
::1 - - [26/Aug/2020:04:45:05 +0000] "GET /api/products HTTP/1.1" 304 - "http://localhost:5000/" "Mozilla/5.0 (Windows NT 10.0; Win64; x64) AppleWebKit/537.36 (KHTML, like Gecko) Chrome/84.0.4147.105 Safari/537.36 OPR/70.0.3728.106"
::1 - - [26/Aug/2020:04:45:05 +0000] "GET /api/products HTTP/1.1" 304 - "http://localhost:5000/" "Mozilla/5.0 (Windows NT 10.0; Win64; x64) AppleWebKit/537.36 (KHTML, like Gecko) Chrome/84.0.4147.105 Safari/537.36 OPR/70.0.3728.106"
::1 - - [26/Aug/2020:04:45:05 +0000] "GET /api/products HTTP/1.1" 304 - "http://localhost:5000/" "Mozilla/5.0 (Windows NT 10.0; Win64; x64) AppleWebKit/537.36 (KHTML, like Gecko) Chrome/84.0.4147.105 Safari/537.36 OPR/70.0.3728.106"
::1 - - [26/Aug/2020:04:45:05 +0000] "GET /api/products HTTP/1.1" 304 - "http://localhost:5000/" "Mozilla/5.0 (Windows NT 10.0; Win64; x64) AppleWebKit/537.36 (KHTML, like Gecko) Chrome/84.0.4147.105 Safari/537.36 OPR/70.0.3728.106"
::1 - - [26/Aug/2020:04:45:05 +0000] "GET /api/products HTTP/1.1" 304 - "http://localhost:5000/" "Mozilla/5.0 (Windows NT 10.0; Win64; x64) AppleWebKit/537.36 (KHTML, like Gecko) Chrome/84.0.4147.105 Safari/537.36 OPR/70.0.3728.106"
::1 - - [26/Aug/2020:04:45:07 +0000] "GET /api/products HTTP/1.1" 304 - "http://localhost:5000/" "Mozilla/5.0 (Windows NT 10.0; Win64; x64) AppleWebKit/537.36 (KHTML, like Gecko) Chrome/84.0.4147.105 Safari/537.36 OPR/70.0.3728.106"
::1 - - [26/Aug/2020:04:45:07 +0000] "GET /api/products HTTP/1.1" 304 - "http://localhost:5000/" "Mozilla/5.0 (Windows NT 10.0; Win64; x64) AppleWebKit/537.36 (KHTML, like Gecko) Chrome/84.0.4147.105 Safari/537.36 OPR/70.0.3728.106"
::1 - - [26/Aug/2020:04:45:07 +0000] "GET /api/products HTTP/1.1" 304 - "http://localhost:5000/" "Mozilla/5.0 (Windows NT 10.0; Win64; x64) AppleWebKit/537.36 (KHTML, like Gecko) Chrome/84.0.4147.105 Safari/537.36 OPR/70.0.3728.106"
::1 - - [26/Aug/2020:04:45:07 +0000] "GET /api/products HTTP/1.1" 304 - "http://localhost:5000/" "Mozilla/5.0 (Windows NT 10.0; Win64; x64) AppleWebKit/537.36 (KHTML, like Gecko) Chrome/84.0.4147.105 Safari/537.36 OPR/70.0.3728.106"
::1 - - [26/Aug/2020:04:45:07 +0000] "GET /api/products HTTP/1.1" 304 - "http://localhost:5000/" "Mozilla/5.0 (Windows NT 10.0; Win64; x64) AppleWebKit/537.36 (KHTML, like Gecko) Chrome/84.0.4147.105 Safari/537.36 OPR/70.0.3728.106"
::1 - - [26/Aug/2020:04:45:07 +0000] "GET /api/products HTTP/1.1" 304 - "http://localhost:5000/" "Mozilla/5.0 (Windows NT 10.0; Win64; x64) AppleWebKit/537.36 (KHTML, like Gecko) Chrome/84.0.4147.105 Safari/537.36 OPR/70.0.3728.106"
::1 - - [26/Aug/2020:04:45:07 +0000] "GET /api/products HTTP/1.1" 304 - "http://localhost:5000/" "Mozilla/5.0 (Windows NT 10.0; Win64; x64) AppleWebKit/537.36 (KHTML, like Gecko) Chrome/84.0.4147.105 Safari/537.36 OPR/70.0.3728.106"
::1 - - [26/Aug/2020:04:46:22 +0000] "POST /api/products HTTP/1.1" 500 91 "-" "PostmanRuntime/7.26.3"
::1 - - [26/Aug/2020:04:46:22 +0000] "POST /api/products HTTP/1.1" 500 91 "-" "PostmanRuntime/7.26.3"
::1 - - [26/Aug/2020:04:46:22 +0000] "POST /api/products HTTP/1.1" 500 91 "-" "PostmanRuntime/7.26.3"
::1 - - [26/Aug/2020:04:46:22 +0000] "POST /api/products HTTP/1.1" 500 91 "-" "PostmanRuntime/7.26.3"
::1 - - [26/Aug/2020:04:46:22 +0000] "POST /api/products HTTP/1.1" 500 91 "-" "PostmanRuntime/7.26.3"
::1 - - [26/Aug/2020:04:46:22 +0000] "POST /api/products HTTP/1.1" 500 91 "-" "PostmanRuntime/7.26.3"
::1 - - [26/Aug/2020:04:46:22 +0000] "POST /api/products HTTP/1.1" 500 91 "-" "PostmanRuntime/7.26.3"
::1 - - [26/Aug/2020:04:46:22 +0000] "POST /api/products HTTP/1.1" 500 91 "-" "PostmanRuntime/7.26.3"
::1 - - [26/Aug/2020:04:46:36 +0000] "GET /api/products HTTP/1.1" 200 301 "http://localhost:5000/" "Mozilla/5.0 (Windows NT 10.0; Win64; x64) AppleWebKit/537.36 (KHTML, like Gecko) Chrome/84.0.4147.105 Safari/537.36 OPR/70.0.3728.106"
::1 - - [26/Aug/2020:04:46:36 +0000] "GET /api/products HTTP/1.1" 200 301 "http://localhost:5000/" "Mozilla/5.0 (Windows NT 10.0; Win64; x64) AppleWebKit/537.36 (KHTML, like Gecko) Chrome/84.0.4147.105 Safari/537.36 OPR/70.0.3728.106"
::1 - - [26/Aug/2020:04:46:36 +0000] "POST /api/products HTTP/1.1" 200 145 "-" "PostmanRuntime/7.26.3"
::1 - - [26/Aug/2020:04:46:48 +0000] "GET /api/products HTTP/1.1" 304 - "http://localhost:5000/" "Mozilla/5.0 (Windows NT 10.0; Win64; x64) AppleWebKit/537.36 (KHTML, like Gecko) Chrome/84.0.4147.105 Safari/537.36 OPR/70.0.3728.106"
::1 - - [26/Aug/2020:04:46:48 +0000] "GET /api/products HTTP/1.1" 304 - "http://localhost:5000/" "Mozilla/5.0 (Windows NT 10.0; Win64; x64) AppleWebKit/537.36 (KHTML, like Gecko) Chrome/84.0.4147.105 Safari/537.36 OPR/70.0.3728.106"
::1 - - [26/Aug/2020:04:46:48 +0000] "GET /api/products HTTP/1.1" 304 - "http://localhost:5000/" "Mozilla/5.0 (Windows NT 10.0; Win64; x64) AppleWebKit/537.36 (KHTML, like Gecko) Chrome/84.0.4147.105 Safari/537.36 OPR/70.0.3728.106"
::1 - - [26/Aug/2020:04:47:02 +0000] "GET /api/products HTTP/1.1" 200 155 "http://localhost:5000/" "Mozilla/5.0 (Windows NT 10.0; Win64; x64) AppleWebKit/537.36 (KHTML, like Gecko) Chrome/84.0.4147.105 Safari/537.36 OPR/70.0.3728.106"
::1 - - [26/Aug/2020:04:47:02 +0000] "GET /api/products HTTP/1.1" 200 155 "http://localhost:5000/" "Mozilla/5.0 (Windows NT 10.0; Win64; x64) AppleWebKit/537.36 (KHTML, like Gecko) Chrome/84.0.4147.105 Safari/537.36 OPR/70.0.3728.106"
::1 - - [26/Aug/2020:04:47:02 +0000] "GET /api/products HTTP/1.1" 200 155 "http://localhost:5000/" "Mozilla/5.0 (Windows NT 10.0; Win64; x64) AppleWebKit/537.36 (KHTML, like Gecko) Chrome/84.0.4147.105 Safari/537.36 OPR/70.0.3728.106"
::1 - - [26/Aug/2020:04:47:02 +0000] "GET /api/products HTTP/1.1" 200 155 "http://localhost:5000/" "Mozilla/5.0 (Windows NT 10.0; Win64; x64) AppleWebKit/537.36 (KHTML, like Gecko) Chrome/84.0.4147.105 Safari/537.36 OPR/70.0.3728.106"
::1 - - [26/Aug/2020:04:47:39 +0000] "POST /api/products HTTP/1.1" 200 155 "-" "PostmanRuntime/7.26.3"
::1 - - [26/Aug/2020:04:47:39 +0000] "POST /api/products HTTP/1.1" 200 155 "-" "PostmanRuntime/7.26.3"
::1 - - [26/Aug/2020:04:47:39 +0000] "POST /api/products HTTP/1.1" 200 155 "-" "PostmanRuntime/7.26.3"
::1 - - [26/Aug/2020:04:47:39 +0000] "POST /api/products HTTP/1.1" 200 155 "-" "PostmanRuntime/7.26.3"
::1 - - [26/Aug/2020:04:47:39 +0000] "POST /api/products HTTP/1.1" 200 155 "-" "PostmanRuntime/7.26.3"
::1 - - [26/Aug/2020:04:47:45 +0000] "GET /api/products HTTP/1.1" 200 311 "http://localhost:5000/" "Mozilla/5.0 (Windows NT 10.0; Win64; x64) AppleWebKit/537.36 (KHTML, like Gecko) Chrome/84.0.4147.105 Safari/537.36 OPR/70.0.3728.106"
::1 - - [26/Aug/2020:04:47:45 +0000] "GET /api/products HTTP/1.1" 200 311 "http://localhost:5000/" "Mozilla/5.0 (Windows NT 10.0; Win64; x64) AppleWebKit/537.36 (KHTML, like Gecko) Chrome/84.0.4147.105 Safari/537.36 OPR/70.0.3728.106"
::1 - - [26/Aug/2020:04:47:45 +0000] "GET /api/products HTTP/1.1" 200 311 "http://localhost:5000/" "Mozilla/5.0 (Windows NT 10.0; Win64; x64) AppleWebKit/537.36 (KHTML, like Gecko) Chrome/84.0.4147.105 Safari/537.36 OPR/70.0.3728.106"
::1 - - [26/Aug/2020:04:47:45 +0000] "GET /api/products HTTP/1.1" 200 311 "http://localhost:5000/" "Mozilla/5.0 (Windows NT 10.0; Win64; x64) AppleWebKit/537.36 (KHTML, like Gecko) Chrome/84.0.4147.105 Safari/537.36 OPR/70.0.3728.106"
::1 - - [26/Aug/2020:04:47:45 +0000] "GET /api/products HTTP/1.1" 200 311 "http://localhost:5000/" "Mozilla/5.0 (Windows NT 10.0; Win64; x64) AppleWebKit/537.36 (KHTML, like Gecko) Chrome/84.0.4147.105 Safari/537.36 OPR/70.0.3728.106"
::1 - - [26/Aug/2020:04:47:45 +0000] "GET /api/products HTTP/1.1" 200 311 "http://localhost:5000/" "Mozilla/5.0 (Windows NT 10.0; Win64; x64) AppleWebKit/537.36 (KHTML, like Gecko) Chrome/84.0.4147.105 Safari/537.36 OPR/70.0.3728.106"
::1 - - [26/Aug/2020:04:49:29 +0000] "POST /api/products HTTP/1.1" 200 147 "-" "PostmanRuntime/7.26.3"
::1 - - [26/Aug/2020:04:49:29 +0000] "POST /api/products HTTP/1.1" 200 147 "-" "PostmanRuntime/7.26.3"
::1 - - [26/Aug/2020:04:49:29 +0000] "POST /api/products HTTP/1.1" 200 147 "-" "PostmanRuntime/7.26.3"
::1 - - [26/Aug/2020:04:49:29 +0000] "POST /api/products HTTP/1.1" 200 147 "-" "PostmanRuntime/7.26.3"
::1 - - [26/Aug/2020:04:49:29 +0000] "POST /api/products HTTP/1.1" 200 147 "-" "PostmanRuntime/7.26.3"
::1 - - [26/Aug/2020:04:49:29 +0000] "POST /api/products HTTP/1.1" 200 147 "-" "PostmanRuntime/7.26.3"
::1 - - [26/Aug/2020:04:49:29 +0000] "POST /api/products HTTP/1.1" 200 147 "-" "PostmanRuntime/7.26.3"
::1 - - [26/Aug/2020:04:49:35 +0000] "GET /api/products HTTP/1.1" 200 459 "http://localhost:5000/" "Mozilla/5.0 (Windows NT 10.0; Win64; x64) AppleWebKit/537.36 (KHTML, like Gecko) Chrome/84.0.4147.105 Safari/537.36 OPR/70.0.3728.106"
::1 - - [26/Aug/2020:04:49:35 +0000] "GET /api/products HTTP/1.1" 200 459 "http://localhost:5000/" "Mozilla/5.0 (Windows NT 10.0; Win64; x64) AppleWebKit/537.36 (KHTML, like Gecko) Chrome/84.0.4147.105 Safari/537.36 OPR/70.0.3728.106"
::1 - - [26/Aug/2020:04:49:35 +0000] "GET /api/products HTTP/1.1" 200 459 "http://localhost:5000/" "Mozilla/5.0 (Windows NT 10.0; Win64; x64) AppleWebKit/537.36 (KHTML, like Gecko) Chrome/84.0.4147.105 Safari/537.36 OPR/70.0.3728.106"
::1 - - [26/Aug/2020:04:49:35 +0000] "GET /api/products HTTP/1.1" 200 459 "http://localhost:5000/" "Mozilla/5.0 (Windows NT 10.0; Win64; x64) AppleWebKit/537.36 (KHTML, like Gecko) Chrome/84.0.4147.105 Safari/537.36 OPR/70.0.3728.106"
::1 - - [26/Aug/2020:04:49:35 +0000] "GET /api/products HTTP/1.1" 200 459 "http://localhost:5000/" "Mozilla/5.0 (Windows NT 10.0; Win64; x64) AppleWebKit/537.36 (KHTML, like Gecko) Chrome/84.0.4147.105 Safari/537.36 OPR/70.0.3728.106"
::1 - - [26/Aug/2020:04:49:35 +0000] "GET /api/products HTTP/1.1" 200 459 "http://localhost:5000/" "Mozilla/5.0 (Windows NT 10.0; Win64; x64) AppleWebKit/537.36 (KHTML, like Gecko) Chrome/84.0.4147.105 Safari/537.36 OPR/70.0.3728.106"
::1 - - [26/Aug/2020:04:49:35 +0000] "GET /api/products HTTP/1.1" 200 459 "http://localhost:5000/" "Mozilla/5.0 (Windows NT 10.0; Win64; x64) AppleWebKit/537.36 (KHTML, like Gecko) Chrome/84.0.4147.105 Safari/537.36 OPR/70.0.3728.106"
::1 - - [26/Aug/2020:04:49:35 +0000] "GET /api/products HTTP/1.1" 200 459 "http://localhost:5000/" "Mozilla/5.0 (Windows NT 10.0; Win64; x64) AppleWebKit/537.36 (KHTML, like Gecko) Chrome/84.0.4147.105 Safari/537.36 OPR/70.0.3728.106"
::1 - - [26/Aug/2020:04:50:48 +0000] "POST /api/products HTTP/1.1" 200 147 "-" "PostmanRuntime/7.26.3"
::1 - - [26/Aug/2020:04:50:48 +0000] "POST /api/products HTTP/1.1" 200 147 "-" "PostmanRuntime/7.26.3"
::1 - - [26/Aug/2020:04:50:48 +0000] "POST /api/products HTTP/1.1" 200 147 "-" "PostmanRuntime/7.26.3"
::1 - - [26/Aug/2020:04:50:48 +0000] "POST /api/products HTTP/1.1" 200 147 "-" "PostmanRuntime/7.26.3"
::1 - - [26/Aug/2020:04:50:48 +0000] "POST /api/products HTTP/1.1" 200 147 "-" "PostmanRuntime/7.26.3"
::1 - - [26/Aug/2020:04:50:48 +0000] "POST /api/products HTTP/1.1" 200 147 "-" "PostmanRuntime/7.26.3"
::1 - - [26/Aug/2020:04:50:48 +0000] "POST /api/products HTTP/1.1" 200 147 "-" "PostmanRuntime/7.26.3"
::1 - - [26/Aug/2020:04:50:48 +0000] "POST /api/products HTTP/1.1" 200 147 "-" "PostmanRuntime/7.26.3"
::1 - - [26/Aug/2020:04:50:48 +0000] "POST /api/products HTTP/1.1" 200 147 "-" "PostmanRuntime/7.26.3"
::1 - - [26/Aug/2020:04:50:53 +0000] "GET /api/products HTTP/1.1" 200 459 "http://localhost:5000/" "Mozilla/5.0 (Windows NT 10.0; Win64; x64) AppleWebKit/537.36 (KHTML, like Gecko) Chrome/84.0.4147.105 Safari/537.36 OPR/70.0.3728.106"
::1 - - [26/Aug/2020:04:50:53 +0000] "GET /api/products HTTP/1.1" 200 459 "http://localhost:5000/" "Mozilla/5.0 (Windows NT 10.0; Win64; x64) AppleWebKit/537.36 (KHTML, like Gecko) Chrome/84.0.4147.105 Safari/537.36 OPR/70.0.3728.106"
::1 - - [26/Aug/2020:04:50:53 +0000] "GET /api/products HTTP/1.1" 200 459 "http://localhost:5000/" "Mozilla/5.0 (Windows NT 10.0; Win64; x64) AppleWebKit/537.36 (KHTML, like Gecko) Chrome/84.0.4147.105 Safari/537.36 OPR/70.0.3728.106"
::1 - - [26/Aug/2020:04:50:53 +0000] "GET /api/products HTTP/1.1" 200 459 "http://localhost:5000/" "Mozilla/5.0 (Windows NT 10.0; Win64; x64) AppleWebKit/537.36 (KHTML, like Gecko) Chrome/84.0.4147.105 Safari/537.36 OPR/70.0.3728.106"
::1 - - [26/Aug/2020:04:50:53 +0000] "GET /api/products HTTP/1.1" 200 459 "http://localhost:5000/" "Mozilla/5.0 (Windows NT 10.0; Win64; x64) AppleWebKit/537.36 (KHTML, like Gecko) Chrome/84.0.4147.105 Safari/537.36 OPR/70.0.3728.106"
::1 - - [26/Aug/2020:04:50:53 +0000] "GET /api/products HTTP/1.1" 200 459 "http://localhost:5000/" "Mozilla/5.0 (Windows NT 10.0; Win64; x64) AppleWebKit/537.36 (KHTML, like Gecko) Chrome/84.0.4147.105 Safari/537.36 OPR/70.0.3728.106"
::1 - - [26/Aug/2020:04:50:53 +0000] "GET /api/products HTTP/1.1" 200 459 "http://localhost:5000/" "Mozilla/5.0 (Windows NT 10.0; Win64; x64) AppleWebKit/537.36 (KHTML, like Gecko) Chrome/84.0.4147.105 Safari/537.36 OPR/70.0.3728.106"
::1 - - [26/Aug/2020:04:50:53 +0000] "GET /api/products HTTP/1.1" 200 459 "http://localhost:5000/" "Mozilla/5.0 (Windows NT 10.0; Win64; x64) AppleWebKit/537.36 (KHTML, like Gecko) Chrome/84.0.4147.105 Safari/537.36 OPR/70.0.3728.106"
::1 - - [26/Aug/2020:04:50:53 +0000] "GET /api/products HTTP/1.1" 200 459 "http://localhost:5000/" "Mozilla/5.0 (Windows NT 10.0; Win64; x64) AppleWebKit/537.36 (KHTML, like Gecko) Chrome/84.0.4147.105 Safari/537.36 OPR/70.0.3728.106"
::1 - - [26/Aug/2020:04:50:53 +0000] "GET /api/products HTTP/1.1" 200 459 "http://localhost:5000/" "Mozilla/5.0 (Windows NT 10.0; Win64; x64) AppleWebKit/537.36 (KHTML, like Gecko) Chrome/84.0.4147.105 Safari/537.36 OPR/70.0.3728.106"
::1 - - [26/Aug/2020:04:51:13 +0000] "GET /api/products HTTP/1.1" 200 311 "http://localhost:5000/" "Mozilla/5.0 (Windows NT 10.0; Win64; x64) AppleWebKit/537.36 (KHTML, like Gecko) Chrome/84.0.4147.105 Safari/537.36 OPR/70.0.3728.106"
::1 - - [26/Aug/2020:04:51:13 +0000] "GET /api/products HTTP/1.1" 200 311 "http://localhost:5000/" "Mozilla/5.0 (Windows NT 10.0; Win64; x64) AppleWebKit/537.36 (KHTML, like Gecko) Chrome/84.0.4147.105 Safari/537.36 OPR/70.0.3728.106"
::1 - - [26/Aug/2020:04:51:13 +0000] "GET /api/products HTTP/1.1" 200 311 "http://localhost:5000/" "Mozilla/5.0 (Windows NT 10.0; Win64; x64) AppleWebKit/537.36 (KHTML, like Gecko) Chrome/84.0.4147.105 Safari/537.36 OPR/70.0.3728.106"
::1 - - [26/Aug/2020:04:51:13 +0000] "GET /api/products HTTP/1.1" 200 311 "http://localhost:5000/" "Mozilla/5.0 (Windows NT 10.0; Win64; x64) AppleWebKit/537.36 (KHTML, like Gecko) Chrome/84.0.4147.105 Safari/537.36 OPR/70.0.3728.106"
::1 - - [26/Aug/2020:04:51:13 +0000] "GET /api/products HTTP/1.1" 200 311 "http://localhost:5000/" "Mozilla/5.0 (Windows NT 10.0; Win64; x64) AppleWebKit/537.36 (KHTML, like Gecko) Chrome/84.0.4147.105 Safari/537.36 OPR/70.0.3728.106"
::1 - - [26/Aug/2020:04:51:13 +0000] "GET /api/products HTTP/1.1" 200 311 "http://localhost:5000/" "Mozilla/5.0 (Windows NT 10.0; Win64; x64) AppleWebKit/537.36 (KHTML, like Gecko) Chrome/84.0.4147.105 Safari/537.36 OPR/70.0.3728.106"
::1 - - [26/Aug/2020:04:51:13 +0000] "GET /api/products HTTP/1.1" 200 311 "http://localhost:5000/" "Mozilla/5.0 (Windows NT 10.0; Win64; x64) AppleWebKit/537.36 (KHTML, like Gecko) Chrome/84.0.4147.105 Safari/537.36 OPR/70.0.3728.106"
::1 - - [26/Aug/2020:04:51:13 +0000] "GET /api/products HTTP/1.1" 200 311 "http://localhost:5000/" "Mozilla/5.0 (Windows NT 10.0; Win64; x64) AppleWebKit/537.36 (KHTML, like Gecko) Chrome/84.0.4147.105 Safari/537.36 OPR/70.0.3728.106"
::1 - - [26/Aug/2020:04:51:13 +0000] "GET /api/products HTTP/1.1" 200 311 "http://localhost:5000/" "Mozilla/5.0 (Windows NT 10.0; Win64; x64) AppleWebKit/537.36 (KHTML, like Gecko) Chrome/84.0.4147.105 Safari/537.36 OPR/70.0.3728.106"
::1 - - [26/Aug/2020:04:51:13 +0000] "GET /api/products HTTP/1.1" 200 311 "http://localhost:5000/" "Mozilla/5.0 (Windows NT 10.0; Win64; x64) AppleWebKit/537.36 (KHTML, like Gecko) Chrome/84.0.4147.105 Safari/537.36 OPR/70.0.3728.106"
::1 - - [26/Aug/2020:04:51:13 +0000] "GET /api/products HTTP/1.1" 200 311 "http://localhost:5000/" "Mozilla/5.0 (Windows NT 10.0; Win64; x64) AppleWebKit/537.36 (KHTML, like Gecko) Chrome/84.0.4147.105 Safari/537.36 OPR/70.0.3728.106"
::1 - - [26/Aug/2020:04:52:39 +0000] "GET /api/products HTTP/1.1" 304 - "http://localhost:5000/" "Mozilla/5.0 (Windows NT 10.0; Win64; x64) AppleWebKit/537.36 (KHTML, like Gecko) Chrome/84.0.4147.105 Safari/537.36 OPR/70.0.3728.106"
::1 - - [26/Aug/2020:04:52:39 +0000] "GET /api/products HTTP/1.1" 304 - "http://localhost:5000/" "Mozilla/5.0 (Windows NT 10.0; Win64; x64) AppleWebKit/537.36 (KHTML, like Gecko) Chrome/84.0.4147.105 Safari/537.36 OPR/70.0.3728.106"
::1 - - [26/Aug/2020:04:52:39 +0000] "GET /api/products HTTP/1.1" 304 - "http://localhost:5000/" "Mozilla/5.0 (Windows NT 10.0; Win64; x64) AppleWebKit/537.36 (KHTML, like Gecko) Chrome/84.0.4147.105 Safari/537.36 OPR/70.0.3728.106"
::1 - - [26/Aug/2020:04:52:39 +0000] "GET /api/products HTTP/1.1" 304 - "http://localhost:5000/" "Mozilla/5.0 (Windows NT 10.0; Win64; x64) AppleWebKit/537.36 (KHTML, like Gecko) Chrome/84.0.4147.105 Safari/537.36 OPR/70.0.3728.106"
::1 - - [26/Aug/2020:04:52:39 +0000] "GET /api/products HTTP/1.1" 304 - "http://localhost:5000/" "Mozilla/5.0 (Windows NT 10.0; Win64; x64) AppleWebKit/537.36 (KHTML, like Gecko) Chrome/84.0.4147.105 Safari/537.36 OPR/70.0.3728.106"
::1 - - [26/Aug/2020:04:52:39 +0000] "GET /api/products HTTP/1.1" 304 - "http://localhost:5000/" "Mozilla/5.0 (Windows NT 10.0; Win64; x64) AppleWebKit/537.36 (KHTML, like Gecko) Chrome/84.0.4147.105 Safari/537.36 OPR/70.0.3728.106"
::1 - - [26/Aug/2020:04:52:39 +0000] "GET /api/products HTTP/1.1" 304 - "http://localhost:5000/" "Mozilla/5.0 (Windows NT 10.0; Win64; x64) AppleWebKit/537.36 (KHTML, like Gecko) Chrome/84.0.4147.105 Safari/537.36 OPR/70.0.3728.106"
::1 - - [26/Aug/2020:04:52:39 +0000] "GET /api/products HTTP/1.1" 304 - "http://localhost:5000/" "Mozilla/5.0 (Windows NT 10.0; Win64; x64) AppleWebKit/537.36 (KHTML, like Gecko) Chrome/84.0.4147.105 Safari/537.36 OPR/70.0.3728.106"
::1 - - [26/Aug/2020:04:52:39 +0000] "GET /api/products HTTP/1.1" 304 - "http://localhost:5000/" "Mozilla/5.0 (Windows NT 10.0; Win64; x64) AppleWebKit/537.36 (KHTML, like Gecko) Chrome/84.0.4147.105 Safari/537.36 OPR/70.0.3728.106"
::1 - - [26/Aug/2020:04:52:39 +0000] "GET /api/products HTTP/1.1" 304 - "http://localhost:5000/" "Mozilla/5.0 (Windows NT 10.0; Win64; x64) AppleWebKit/537.36 (KHTML, like Gecko) Chrome/84.0.4147.105 Safari/537.36 OPR/70.0.3728.106"
::1 - - [26/Aug/2020:04:52:39 +0000] "GET /api/products HTTP/1.1" 304 - "http://localhost:5000/" "Mozilla/5.0 (Windows NT 10.0; Win64; x64) AppleWebKit/537.36 (KHTML, like Gecko) Chrome/84.0.4147.105 Safari/537.36 OPR/70.0.3728.106"
::1 - - [26/Aug/2020:04:52:39 +0000] "GET /api/products HTTP/1.1" 304 - "http://localhost:5000/" "Mozilla/5.0 (Windows NT 10.0; Win64; x64) AppleWebKit/537.36 (KHTML, like Gecko) Chrome/84.0.4147.105 Safari/537.36 OPR/70.0.3728.106"
::1 - - [26/Aug/2020:04:55:33 +0000] "POST /api/products HTTP/1.1" 200 147 "-" "PostmanRuntime/7.26.3"
::1 - - [26/Aug/2020:04:55:33 +0000] "POST /api/products HTTP/1.1" 200 147 "-" "PostmanRuntime/7.26.3"
::1 - - [26/Aug/2020:04:55:33 +0000] "POST /api/products HTTP/1.1" 200 147 "-" "PostmanRuntime/7.26.3"
::1 - - [26/Aug/2020:04:55:33 +0000] "POST /api/products HTTP/1.1" 200 147 "-" "PostmanRuntime/7.26.3"
::1 - - [26/Aug/2020:04:55:33 +0000] "POST /api/products HTTP/1.1" 200 147 "-" "PostmanRuntime/7.26.3"
::1 - - [26/Aug/2020:04:55:33 +0000] "POST /api/products HTTP/1.1" 200 147 "-" "PostmanRuntime/7.26.3"
::1 - - [26/Aug/2020:04:55:33 +0000] "POST /api/products HTTP/1.1" 200 147 "-" "PostmanRuntime/7.26.3"
::1 - - [26/Aug/2020:04:55:33 +0000] "POST /api/products HTTP/1.1" 200 147 "-" "PostmanRuntime/7.26.3"
::1 - - [26/Aug/2020:04:55:33 +0000] "POST /api/products HTTP/1.1" 200 147 "-" "PostmanRuntime/7.26.3"
::1 - - [26/Aug/2020:04:55:33 +0000] "POST /api/products HTTP/1.1" 200 147 "-" "PostmanRuntime/7.26.3"
::1 - - [26/Aug/2020:04:55:33 +0000] "POST /api/products HTTP/1.1" 200 147 "-" "PostmanRuntime/7.26.3"
::1 - - [26/Aug/2020:04:55:33 +0000] "POST /api/products HTTP/1.1" 200 147 "-" "PostmanRuntime/7.26.3"
::1 - - [26/Aug/2020:04:55:33 +0000] "POST /api/products HTTP/1.1" 200 147 "-" "PostmanRuntime/7.26.3"
::1 - - [26/Aug/2020:04:55:34 +0000] "GET /api/products HTTP/1.1" 200 459 "http://localhost:5000/" "Mozilla/5.0 (Windows NT 10.0; Win64; x64) AppleWebKit/537.36 (KHTML, like Gecko) Chrome/84.0.4147.105 Safari/537.36 OPR/70.0.3728.106"
::1 - - [26/Aug/2020:04:55:34 +0000] "GET /api/products HTTP/1.1" 200 459 "http://localhost:5000/" "Mozilla/5.0 (Windows NT 10.0; Win64; x64) AppleWebKit/537.36 (KHTML, like Gecko) Chrome/84.0.4147.105 Safari/537.36 OPR/70.0.3728.106"
::1 - - [26/Aug/2020:04:55:34 +0000] "GET /api/products HTTP/1.1" 200 459 "http://localhost:5000/" "Mozilla/5.0 (Windows NT 10.0; Win64; x64) AppleWebKit/537.36 (KHTML, like Gecko) Chrome/84.0.4147.105 Safari/537.36 OPR/70.0.3728.106"
::1 - - [26/Aug/2020:04:55:34 +0000] "GET /api/products HTTP/1.1" 200 459 "http://localhost:5000/" "Mozilla/5.0 (Windows NT 10.0; Win64; x64) AppleWebKit/537.36 (KHTML, like Gecko) Chrome/84.0.4147.105 Safari/537.36 OPR/70.0.3728.106"
::1 - - [26/Aug/2020:04:55:34 +0000] "GET /api/products HTTP/1.1" 200 459 "http://localhost:5000/" "Mozilla/5.0 (Windows NT 10.0; Win64; x64) AppleWebKit/537.36 (KHTML, like Gecko) Chrome/84.0.4147.105 Safari/537.36 OPR/70.0.3728.106"
::1 - - [26/Aug/2020:04:55:34 +0000] "GET /api/products HTTP/1.1" 200 459 "http://localhost:5000/" "Mozilla/5.0 (Windows NT 10.0; Win64; x64) AppleWebKit/537.36 (KHTML, like Gecko) Chrome/84.0.4147.105 Safari/537.36 OPR/70.0.3728.106"
::1 - - [26/Aug/2020:04:55:34 +0000] "GET /api/products HTTP/1.1" 200 459 "http://localhost:5000/" "Mozilla/5.0 (Windows NT 10.0; Win64; x64) AppleWebKit/537.36 (KHTML, like Gecko) Chrome/84.0.4147.105 Safari/537.36 OPR/70.0.3728.106"
::1 - - [26/Aug/2020:04:55:34 +0000] "GET /api/products HTTP/1.1" 200 459 "http://localhost:5000/" "Mozilla/5.0 (Windows NT 10.0; Win64; x64) AppleWebKit/537.36 (KHTML, like Gecko) Chrome/84.0.4147.105 Safari/537.36 OPR/70.0.3728.106"
::1 - - [26/Aug/2020:04:55:34 +0000] "GET /api/products HTTP/1.1" 200 459 "http://localhost:5000/" "Mozilla/5.0 (Windows NT 10.0; Win64; x64) AppleWebKit/537.36 (KHTML, like Gecko) Chrome/84.0.4147.105 Safari/537.36 OPR/70.0.3728.106"
::1 - - [26/Aug/2020:04:55:34 +0000] "GET /api/products HTTP/1.1" 200 459 "http://localhost:5000/" "Mozilla/5.0 (Windows NT 10.0; Win64; x64) AppleWebKit/537.36 (KHTML, like Gecko) Chrome/84.0.4147.105 Safari/537.36 OPR/70.0.3728.106"
::1 - - [26/Aug/2020:04:55:34 +0000] "GET /api/products HTTP/1.1" 200 459 "http://localhost:5000/" "Mozilla/5.0 (Windows NT 10.0; Win64; x64) AppleWebKit/537.36 (KHTML, like Gecko) Chrome/84.0.4147.105 Safari/537.36 OPR/70.0.3728.106"
::1 - - [26/Aug/2020:04:55:34 +0000] "GET /api/products HTTP/1.1" 200 459 "http://localhost:5000/" "Mozilla/5.0 (Windows NT 10.0; Win64; x64) AppleWebKit/537.36 (KHTML, like Gecko) Chrome/84.0.4147.105 Safari/537.36 OPR/70.0.3728.106"
::1 - - [26/Aug/2020:04:55:34 +0000] "GET /api/products HTTP/1.1" 200 459 "http://localhost:5000/" "Mozilla/5.0 (Windows NT 10.0; Win64; x64) AppleWebKit/537.36 (KHTML, like Gecko) Chrome/84.0.4147.105 Safari/537.36 OPR/70.0.3728.106"
::1 - - [26/Aug/2020:04:55:34 +0000] "GET /api/products HTTP/1.1" 200 459 "http://localhost:5000/" "Mozilla/5.0 (Windows NT 10.0; Win64; x64) AppleWebKit/537.36 (KHTML, like Gecko) Chrome/84.0.4147.105 Safari/537.36 OPR/70.0.3728.106"
::1 - - [26/Aug/2020:04:57:22 +0000] "POST /api/products HTTP/1.1" 200 149 "-" "PostmanRuntime/7.26.3"
::1 - - [26/Aug/2020:04:57:22 +0000] "POST /api/products HTTP/1.1" 200 149 "-" "PostmanRuntime/7.26.3"
::1 - - [26/Aug/2020:04:57:22 +0000] "POST /api/products HTTP/1.1" 200 149 "-" "PostmanRuntime/7.26.3"
::1 - - [26/Aug/2020:04:57:22 +0000] "POST /api/products HTTP/1.1" 200 149 "-" "PostmanRuntime/7.26.3"
::1 - - [26/Aug/2020:04:57:22 +0000] "POST /api/products HTTP/1.1" 200 149 "-" "PostmanRuntime/7.26.3"
::1 - - [26/Aug/2020:04:57:22 +0000] "POST /api/products HTTP/1.1" 200 149 "-" "PostmanRuntime/7.26.3"
::1 - - [26/Aug/2020:04:57:22 +0000] "POST /api/products HTTP/1.1" 200 149 "-" "PostmanRuntime/7.26.3"
::1 - - [26/Aug/2020:04:57:22 +0000] "POST /api/products HTTP/1.1" 200 149 "-" "PostmanRuntime/7.26.3"
::1 - - [26/Aug/2020:04:57:22 +0000] "POST /api/products HTTP/1.1" 200 149 "-" "PostmanRuntime/7.26.3"
::1 - - [26/Aug/2020:04:57:22 +0000] "POST /api/products HTTP/1.1" 200 149 "-" "PostmanRuntime/7.26.3"
::1 - - [26/Aug/2020:04:57:22 +0000] "POST /api/products HTTP/1.1" 200 149 "-" "PostmanRuntime/7.26.3"
::1 - - [26/Aug/2020:04:57:22 +0000] "POST /api/products HTTP/1.1" 200 149 "-" "PostmanRuntime/7.26.3"
::1 - - [26/Aug/2020:04:57:22 +0000] "POST /api/products HTTP/1.1" 200 149 "-" "PostmanRuntime/7.26.3"
::1 - - [26/Aug/2020:04:57:22 +0000] "POST /api/products HTTP/1.1" 200 149 "-" "PostmanRuntime/7.26.3"
::1 - - [26/Aug/2020:04:57:22 +0000] "POST /api/products HTTP/1.1" 200 149 "-" "PostmanRuntime/7.26.3"
::1 - - [26/Aug/2020:04:57:23 +0000] "GET /api/products HTTP/1.1" 200 609 "http://localhost:5000/" "Mozilla/5.0 (Windows NT 10.0; Win64; x64) AppleWebKit/537.36 (KHTML, like Gecko) Chrome/84.0.4147.105 Safari/537.36 OPR/70.0.3728.106"
::1 - - [26/Aug/2020:04:57:23 +0000] "GET /api/products HTTP/1.1" 200 609 "http://localhost:5000/" "Mozilla/5.0 (Windows NT 10.0; Win64; x64) AppleWebKit/537.36 (KHTML, like Gecko) Chrome/84.0.4147.105 Safari/537.36 OPR/70.0.3728.106"
::1 - - [26/Aug/2020:04:57:23 +0000] "GET /api/products HTTP/1.1" 200 609 "http://localhost:5000/" "Mozilla/5.0 (Windows NT 10.0; Win64; x64) AppleWebKit/537.36 (KHTML, like Gecko) Chrome/84.0.4147.105 Safari/537.36 OPR/70.0.3728.106"
::1 - - [26/Aug/2020:04:57:23 +0000] "GET /api/products HTTP/1.1" 200 609 "http://localhost:5000/" "Mozilla/5.0 (Windows NT 10.0; Win64; x64) AppleWebKit/537.36 (KHTML, like Gecko) Chrome/84.0.4147.105 Safari/537.36 OPR/70.0.3728.106"
::1 - - [26/Aug/2020:04:57:23 +0000] "GET /api/products HTTP/1.1" 200 609 "http://localhost:5000/" "Mozilla/5.0 (Windows NT 10.0; Win64; x64) AppleWebKit/537.36 (KHTML, like Gecko) Chrome/84.0.4147.105 Safari/537.36 OPR/70.0.3728.106"
::1 - - [26/Aug/2020:04:57:23 +0000] "GET /api/products HTTP/1.1" 200 609 "http://localhost:5000/" "Mozilla/5.0 (Windows NT 10.0; Win64; x64) AppleWebKit/537.36 (KHTML, like Gecko) Chrome/84.0.4147.105 Safari/537.36 OPR/70.0.3728.106"
::1 - - [26/Aug/2020:04:57:23 +0000] "GET /api/products HTTP/1.1" 200 609 "http://localhost:5000/" "Mozilla/5.0 (Windows NT 10.0; Win64; x64) AppleWebKit/537.36 (KHTML, like Gecko) Chrome/84.0.4147.105 Safari/537.36 OPR/70.0.3728.106"
::1 - - [26/Aug/2020:04:57:23 +0000] "GET /api/products HTTP/1.1" 200 609 "http://localhost:5000/" "Mozilla/5.0 (Windows NT 10.0; Win64; x64) AppleWebKit/537.36 (KHTML, like Gecko) Chrome/84.0.4147.105 Safari/537.36 OPR/70.0.3728.106"
::1 - - [26/Aug/2020:04:57:23 +0000] "GET /api/products HTTP/1.1" 200 609 "http://localhost:5000/" "Mozilla/5.0 (Windows NT 10.0; Win64; x64) AppleWebKit/537.36 (KHTML, like Gecko) Chrome/84.0.4147.105 Safari/537.36 OPR/70.0.3728.106"
::1 - - [26/Aug/2020:04:57:23 +0000] "GET /api/products HTTP/1.1" 200 609 "http://localhost:5000/" "Mozilla/5.0 (Windows NT 10.0; Win64; x64) AppleWebKit/537.36 (KHTML, like Gecko) Chrome/84.0.4147.105 Safari/537.36 OPR/70.0.3728.106"
::1 - - [26/Aug/2020:04:57:23 +0000] "GET /api/products HTTP/1.1" 200 609 "http://localhost:5000/" "Mozilla/5.0 (Windows NT 10.0; Win64; x64) AppleWebKit/537.36 (KHTML, like Gecko) Chrome/84.0.4147.105 Safari/537.36 OPR/70.0.3728.106"
::1 - - [26/Aug/2020:04:57:23 +0000] "GET /api/products HTTP/1.1" 200 609 "http://localhost:5000/" "Mozilla/5.0 (Windows NT 10.0; Win64; x64) AppleWebKit/537.36 (KHTML, like Gecko) Chrome/84.0.4147.105 Safari/537.36 OPR/70.0.3728.106"
::1 - - [26/Aug/2020:04:57:23 +0000] "GET /api/products HTTP/1.1" 200 609 "http://localhost:5000/" "Mozilla/5.0 (Windows NT 10.0; Win64; x64) AppleWebKit/537.36 (KHTML, like Gecko) Chrome/84.0.4147.105 Safari/537.36 OPR/70.0.3728.106"
::1 - - [26/Aug/2020:04:57:23 +0000] "GET /api/products HTTP/1.1" 200 609 "http://localhost:5000/" "Mozilla/5.0 (Windows NT 10.0; Win64; x64) AppleWebKit/537.36 (KHTML, like Gecko) Chrome/84.0.4147.105 Safari/537.36 OPR/70.0.3728.106"
::1 - - [26/Aug/2020:04:57:23 +0000] "GET /api/products HTTP/1.1" 200 609 "http://localhost:5000/" "Mozilla/5.0 (Windows NT 10.0; Win64; x64) AppleWebKit/537.36 (KHTML, like Gecko) Chrome/84.0.4147.105 Safari/537.36 OPR/70.0.3728.106"
::1 - - [26/Aug/2020:04:57:23 +0000] "GET /api/products HTTP/1.1" 200 609 "http://localhost:5000/" "Mozilla/5.0 (Windows NT 10.0; Win64; x64) AppleWebKit/537.36 (KHTML, like Gecko) Chrome/84.0.4147.105 Safari/537.36 OPR/70.0.3728.106"
